{"C:/TUT2019/SoftwareTesting/COMP.SE.200-2021-2022-1/src/add.js": {"path":"C:/TUT2019/SoftwareTesting/COMP.SE.200-2021-2022-1/src/add.js","statementMap":{"0":{"start":{"line":1,"column":0},"end":{"line":1,"column":null}},"1":{"start":{"line":16,"column":12},"end":{"line":16,"column":32}},"2":{"start":{"line":16,"column":32},"end":{"line":16,"column":33}}},"fnMap":{"0":{"name":"(anonymous_1)","decl":{"start":{"line":16,"column":32},"end":{"line":16,"column":33}},"loc":{"start":{"line":16,"column":32},"end":{"line":16,"column":33}}}},"branchMap":{},"s":{"0":1,"1":1,"2":10},"f":{"0":10},"b":{}}
,"C:\\TUT2019\\SoftwareTesting\\COMP.SE.200-2021-2022-1\\src\\at.js": {"path":"C:\\TUT2019\\SoftwareTesting\\COMP.SE.200-2021-2022-1\\src\\at.js","statementMap":{"0":{"start":{"line":19,"column":11},"end":{"line":19,"column":70}},"1":{"start":{"line":19,"column":33},"end":{"line":19,"column":70}}},"fnMap":{"0":{"name":"(anonymous_0)","decl":{"start":{"line":19,"column":11},"end":{"line":19,"column":12}},"loc":{"start":{"line":19,"column":33},"end":{"line":19,"column":70}},"line":19}},"branchMap":{},"s":{"0":0,"1":0},"f":{"0":0},"b":{},"all":true}
,"C:\\TUT2019\\SoftwareTesting\\COMP.SE.200-2021-2022-1\\src\\camelCase.js": {"path":"C:\\TUT2019\\SoftwareTesting\\COMP.SE.200-2021-2022-1\\src\\camelCase.js","statementMap":{"0":{"start":{"line":24,"column":18},"end":{"line":29,"column":1}},"1":{"start":{"line":25,"column":2},"end":{"line":28,"column":9}},"2":{"start":{"line":26,"column":4},"end":{"line":26,"column":29}},"3":{"start":{"line":27,"column":4},"end":{"line":27,"column":53}}},"fnMap":{"0":{"name":"(anonymous_0)","decl":{"start":{"line":24,"column":18},"end":{"line":24,"column":19}},"loc":{"start":{"line":25,"column":2},"end":{"line":28,"column":9}},"line":25},"1":{"name":"(anonymous_1)","decl":{"start":{"line":25,"column":59},"end":{"line":25,"column":60}},"loc":{"start":{"line":25,"column":84},"end":{"line":28,"column":3}},"line":25}},"branchMap":{"0":{"loc":{"start":{"line":27,"column":21},"end":{"line":27,"column":52}},"type":"cond-expr","locations":[{"start":{"line":27,"column":29},"end":{"line":27,"column":45}},{"start":{"line":27,"column":48},"end":{"line":27,"column":52}}],"line":27}},"s":{"0":0,"1":0,"2":0,"3":0},"f":{"0":0,"1":0},"b":{"0":[0,0]},"all":true}
,"C:\\TUT2019\\SoftwareTesting\\COMP.SE.200-2021-2022-1\\src\\capitalize.js": {"path":"C:\\TUT2019\\SoftwareTesting\\COMP.SE.200-2021-2022-1\\src\\capitalize.js","statementMap":{"0":{"start":{"line":17,"column":19},"end":{"line":17,"column":73}},"1":{"start":{"line":17,"column":31},"end":{"line":17,"column":73}}},"fnMap":{"0":{"name":"(anonymous_0)","decl":{"start":{"line":17,"column":19},"end":{"line":17,"column":20}},"loc":{"start":{"line":17,"column":31},"end":{"line":17,"column":73}},"line":17}},"branchMap":{},"s":{"0":0,"1":0},"f":{"0":0},"b":{},"all":true}
,"C:\\TUT2019\\SoftwareTesting\\COMP.SE.200-2021-2022-1\\src\\castArray.js": {"path":"C:\\TUT2019\\SoftwareTesting\\COMP.SE.200-2021-2022-1\\src\\castArray.js","statementMap":{"0":{"start":{"line":34,"column":16},"end":{"line":34,"column":23}},"1":{"start":{"line":35,"column":2},"end":{"line":35,"column":47}}},"fnMap":{"0":{"name":"castArray","decl":{"start":{"line":33,"column":9},"end":{"line":33,"column":18}},"loc":{"start":{"line":33,"column":28},"end":{"line":36,"column":1}},"line":33}},"branchMap":{"0":{"loc":{"start":{"line":35,"column":9},"end":{"line":35,"column":47}},"type":"cond-expr","locations":[{"start":{"line":35,"column":32},"end":{"line":35,"column":37}},{"start":{"line":35,"column":40},"end":{"line":35,"column":47}}],"line":35}},"s":{"0":0,"1":0},"f":{"0":0},"b":{"0":[0,0]},"all":true}
,"C:\\TUT2019\\SoftwareTesting\\COMP.SE.200-2021-2022-1\\src\\ceil.js": {"path":"C:\\TUT2019\\SoftwareTesting\\COMP.SE.200-2021-2022-1\\src\\ceil.js","statementMap":{"0":{"start":{"line":22,"column":13},"end":{"line":22,"column":32}}},"fnMap":{},"branchMap":{},"s":{"0":0},"f":{},"b":{},"all":true}
,"C:\\TUT2019\\SoftwareTesting\\COMP.SE.200-2021-2022-1\\src\\chunk.js": {"path":"C:\\TUT2019\\SoftwareTesting\\COMP.SE.200-2021-2022-1\\src\\chunk.js","statementMap":{"0":{"start":{"line":23,"column":2},"end":{"line":23,"column":37}},"1":{"start":{"line":24,"column":17},"end":{"line":24,"column":49}},"2":{"start":{"line":25,"column":2},"end":{"line":27,"column":3}},"3":{"start":{"line":26,"column":4},"end":{"line":26,"column":13}},"4":{"start":{"line":28,"column":14},"end":{"line":28,"column":15}},"5":{"start":{"line":29,"column":17},"end":{"line":29,"column":18}},"6":{"start":{"line":30,"column":17},"end":{"line":30,"column":52}},"7":{"start":{"line":32,"column":2},"end":{"line":34,"column":3}},"8":{"start":{"line":33,"column":4},"end":{"line":33,"column":59}},"9":{"start":{"line":35,"column":2},"end":{"line":35,"column":15}}},"fnMap":{"0":{"name":"chunk","decl":{"start":{"line":22,"column":9},"end":{"line":22,"column":14}},"loc":{"start":{"line":22,"column":32},"end":{"line":36,"column":1}},"line":22}},"branchMap":{"0":{"loc":{"start":{"line":22,"column":22},"end":{"line":22,"column":30}},"type":"default-arg","locations":[{"start":{"line":22,"column":29},"end":{"line":22,"column":30}}],"line":22},"1":{"loc":{"start":{"line":24,"column":17},"end":{"line":24,"column":49}},"type":"cond-expr","locations":[{"start":{"line":24,"column":33},"end":{"line":24,"column":34}},{"start":{"line":24,"column":37},"end":{"line":24,"column":49}}],"line":24},"2":{"loc":{"start":{"line":25,"column":2},"end":{"line":27,"column":3}},"type":"if","locations":[{"start":{"line":25,"column":2},"end":{"line":27,"column":3}},{"start":{"line":25,"column":2},"end":{"line":27,"column":3}}],"line":25},"3":{"loc":{"start":{"line":25,"column":6},"end":{"line":25,"column":25}},"type":"binary-expr","locations":[{"start":{"line":25,"column":6},"end":{"line":25,"column":13}},{"start":{"line":25,"column":17},"end":{"line":25,"column":25}}],"line":25}},"s":{"0":0,"1":0,"2":0,"3":0,"4":0,"5":0,"6":0,"7":0,"8":0,"9":0},"f":{"0":0},"b":{"0":[0],"1":[0,0],"2":[0,0],"3":[0,0]},"all":true}
,"C:\\TUT2019\\SoftwareTesting\\COMP.SE.200-2021-2022-1\\src\\clamp.js": {"path":"C:\\TUT2019\\SoftwareTesting\\COMP.SE.200-2021-2022-1\\src\\clamp.js","statementMap":{"0":{"start":{"line":19,"column":2},"end":{"line":19,"column":18}},"1":{"start":{"line":20,"column":2},"end":{"line":20,"column":16}},"2":{"start":{"line":21,"column":2},"end":{"line":21,"column":16}},"3":{"start":{"line":22,"column":2},"end":{"line":22,"column":37}},"4":{"start":{"line":23,"column":2},"end":{"line":23,"column":37}},"5":{"start":{"line":24,"column":2},"end":{"line":27,"column":3}},"6":{"start":{"line":25,"column":4},"end":{"line":25,"column":45}},"7":{"start":{"line":26,"column":4},"end":{"line":26,"column":45}},"8":{"start":{"line":28,"column":2},"end":{"line":28,"column":15}}},"fnMap":{"0":{"name":"clamp","decl":{"start":{"line":18,"column":9},"end":{"line":18,"column":14}},"loc":{"start":{"line":18,"column":37},"end":{"line":29,"column":1}},"line":18}},"branchMap":{"0":{"loc":{"start":{"line":22,"column":10},"end":{"line":22,"column":37}},"type":"cond-expr","locations":[{"start":{"line":22,"column":28},"end":{"line":22,"column":33}},{"start":{"line":22,"column":36},"end":{"line":22,"column":37}}],"line":22},"1":{"loc":{"start":{"line":23,"column":10},"end":{"line":23,"column":37}},"type":"cond-expr","locations":[{"start":{"line":23,"column":28},"end":{"line":23,"column":33}},{"start":{"line":23,"column":36},"end":{"line":23,"column":37}}],"line":23},"2":{"loc":{"start":{"line":24,"column":2},"end":{"line":27,"column":3}},"type":"if","locations":[{"start":{"line":24,"column":2},"end":{"line":27,"column":3}},{"start":{"line":24,"column":2},"end":{"line":27,"column":3}}],"line":24},"3":{"loc":{"start":{"line":25,"column":13},"end":{"line":25,"column":45}},"type":"cond-expr","locations":[{"start":{"line":25,"column":31},"end":{"line":25,"column":37}},{"start":{"line":25,"column":40},"end":{"line":25,"column":45}}],"line":25},"4":{"loc":{"start":{"line":26,"column":13},"end":{"line":26,"column":45}},"type":"cond-expr","locations":[{"start":{"line":26,"column":31},"end":{"line":26,"column":37}},{"start":{"line":26,"column":40},"end":{"line":26,"column":45}}],"line":26}},"s":{"0":0,"1":0,"2":0,"3":0,"4":0,"5":0,"6":0,"7":0,"8":0},"f":{"0":0},"b":{"0":[0,0],"1":[0,0],"2":[0,0],"3":[0,0],"4":[0,0]},"all":true}
,"C:\\TUT2019\\SoftwareTesting\\COMP.SE.200-2021-2022-1\\src\\compact.js": {"path":"C:\\TUT2019\\SoftwareTesting\\COMP.SE.200-2021-2022-1\\src\\compact.js","statementMap":{"0":{"start":{"line":15,"column":17},"end":{"line":15,"column":19}},"1":{"start":{"line":16,"column":17},"end":{"line":16,"column":19}},"2":{"start":{"line":18,"column":2},"end":{"line":22,"column":3}},"3":{"start":{"line":19,"column":4},"end":{"line":21,"column":5}},"4":{"start":{"line":20,"column":6},"end":{"line":20,"column":32}},"5":{"start":{"line":23,"column":2},"end":{"line":23,"column":15}}},"fnMap":{"0":{"name":"compact","decl":{"start":{"line":14,"column":9},"end":{"line":14,"column":16}},"loc":{"start":{"line":14,"column":24},"end":{"line":24,"column":1}},"line":14}},"branchMap":{"0":{"loc":{"start":{"line":19,"column":4},"end":{"line":21,"column":5}},"type":"if","locations":[{"start":{"line":19,"column":4},"end":{"line":21,"column":5}},{"start":{"line":19,"column":4},"end":{"line":21,"column":5}}],"line":19}},"s":{"0":0,"1":0,"2":0,"3":0,"4":0,"5":0},"f":{"0":0},"b":{"0":[0,0]},"all":true}
,"C:\\TUT2019\\SoftwareTesting\\COMP.SE.200-2021-2022-1\\src\\countBy.js": {"path":"C:\\TUT2019\\SoftwareTesting\\COMP.SE.200-2021-2022-1\\src\\countBy.js","statementMap":{"0":{"start":{"line":5,"column":23},"end":{"line":5,"column":54}},"1":{"start":{"line":30,"column":2},"end":{"line":38,"column":8}},"2":{"start":{"line":31,"column":4},"end":{"line":31,"column":25}},"3":{"start":{"line":32,"column":4},"end":{"line":36,"column":5}},"4":{"start":{"line":33,"column":6},"end":{"line":33,"column":19}},"5":{"start":{"line":35,"column":6},"end":{"line":35,"column":37}},"6":{"start":{"line":37,"column":4},"end":{"line":37,"column":17}}},"fnMap":{"0":{"name":"countBy","decl":{"start":{"line":29,"column":9},"end":{"line":29,"column":16}},"loc":{"start":{"line":29,"column":39},"end":{"line":39,"column":1}},"line":29},"1":{"name":"(anonymous_1)","decl":{"start":{"line":30,"column":28},"end":{"line":30,"column":29}},"loc":{"start":{"line":30,"column":52},"end":{"line":38,"column":3}},"line":30}},"branchMap":{"0":{"loc":{"start":{"line":32,"column":4},"end":{"line":36,"column":5}},"type":"if","locations":[{"start":{"line":32,"column":4},"end":{"line":36,"column":5}},{"start":{"line":32,"column":4},"end":{"line":36,"column":5}}],"line":32}},"s":{"0":0,"1":0,"2":0,"3":0,"4":0,"5":0,"6":0},"f":{"0":0,"1":0},"b":{"0":[0,0]},"all":true}
,"C:/TUT2019/SoftwareTesting/COMP.SE.200-2021-2022-1/src/defaultTo.js": {"path":"C:/TUT2019/SoftwareTesting/COMP.SE.200-2021-2022-1/src/defaultTo.js","statementMap":{"0":{"start":{"line":20,"column":2},"end":{"line":20,"column":9}}},"fnMap":{"0":{"name":"defaultTo","decl":{"start":{"line":19,"column":9},"end":{"line":19,"column":19}},"loc":{"start":{"line":19,"column":40},"end":{"line":21,"column":null}}}},"branchMap":{"0":{"loc":{"start":{"line":20,"column":9},"end":{"line":20,"column":null}},"type":"cond-expr","locations":[{"start":{"line":20,"column":25},"end":{"line":20,"column":40}},{"start":{"line":20,"column":40},"end":{"line":20,"column":null}}]}},"s":{"0":2},"f":{"0":2},"b":{"0":[0,2]}}
,"C:\\TUT2019\\SoftwareTesting\\COMP.SE.200-2021-2022-1\\src\\defaultToAny.js": {"path":"C:\\TUT2019\\SoftwareTesting\\COMP.SE.200-2021-2022-1\\src\\defaultToAny.js","statementMap":{"0":{"start":{"line":29,"column":2},"end":{"line":29,"column":53}}},"fnMap":{"0":{"name":"defaultToAny","decl":{"start":{"line":28,"column":9},"end":{"line":28,"column":21}},"loc":{"start":{"line":28,"column":47},"end":{"line":30,"column":1}},"line":28}},"branchMap":{},"s":{"0":0},"f":{"0":0},"b":{},"all":true}
,"C:\\TUT2019\\SoftwareTesting\\COMP.SE.200-2021-2022-1\\src\\difference.js": {"path":"C:\\TUT2019\\SoftwareTesting\\COMP.SE.200-2021-2022-1\\src\\difference.js","statementMap":{"0":{"start":{"line":25,"column":2},"end":{"line":27,"column":8}}},"fnMap":{"0":{"name":"difference","decl":{"start":{"line":24,"column":9},"end":{"line":24,"column":19}},"loc":{"start":{"line":24,"column":38},"end":{"line":28,"column":1}},"line":24}},"branchMap":{"0":{"loc":{"start":{"line":25,"column":9},"end":{"line":27,"column":8}},"type":"cond-expr","locations":[{"start":{"line":26,"column":6},"end":{"line":26,"column":76}},{"start":{"line":27,"column":6},"end":{"line":27,"column":8}}],"line":25}},"s":{"0":0},"f":{"0":0},"b":{"0":[0,0]},"all":true}
,"C:\\TUT2019\\SoftwareTesting\\COMP.SE.200-2021-2022-1\\src\\divide.js": {"path":"C:\\TUT2019\\SoftwareTesting\\COMP.SE.200-2021-2022-1\\src\\divide.js","statementMap":{"0":{"start":{"line":16,"column":15},"end":{"line":16,"column":79}},"1":{"start":{"line":16,"column":58},"end":{"line":16,"column":75}}},"fnMap":{"0":{"name":"(anonymous_0)","decl":{"start":{"line":16,"column":35},"end":{"line":16,"column":36}},"loc":{"start":{"line":16,"column":58},"end":{"line":16,"column":75}},"line":16}},"branchMap":{},"s":{"0":0,"1":0},"f":{"0":0},"b":{},"all":true}
,"C:\\TUT2019\\SoftwareTesting\\COMP.SE.200-2021-2022-1\\src\\drop.js": {"path":"C:\\TUT2019\\SoftwareTesting\\COMP.SE.200-2021-2022-1\\src\\drop.js","statementMap":{"0":{"start":{"line":27,"column":17},"end":{"line":27,"column":49}},"1":{"start":{"line":28,"column":2},"end":{"line":30,"column":8}}},"fnMap":{"0":{"name":"drop","decl":{"start":{"line":26,"column":9},"end":{"line":26,"column":13}},"loc":{"start":{"line":26,"column":26},"end":{"line":31,"column":1}},"line":26}},"branchMap":{"0":{"loc":{"start":{"line":26,"column":21},"end":{"line":26,"column":24}},"type":"default-arg","locations":[{"start":{"line":26,"column":23},"end":{"line":26,"column":24}}],"line":26},"1":{"loc":{"start":{"line":27,"column":17},"end":{"line":27,"column":49}},"type":"cond-expr","locations":[{"start":{"line":27,"column":33},"end":{"line":27,"column":34}},{"start":{"line":27,"column":37},"end":{"line":27,"column":49}}],"line":27},"2":{"loc":{"start":{"line":28,"column":9},"end":{"line":30,"column":8}},"type":"cond-expr","locations":[{"start":{"line":29,"column":6},"end":{"line":29,"column":52}},{"start":{"line":30,"column":6},"end":{"line":30,"column":8}}],"line":28},"3":{"loc":{"start":{"line":29,"column":19},"end":{"line":29,"column":43}},"type":"cond-expr","locations":[{"start":{"line":29,"column":27},"end":{"line":29,"column":28}},{"start":{"line":29,"column":31},"end":{"line":29,"column":43}}],"line":29}},"s":{"0":0,"1":0},"f":{"0":0},"b":{"0":[0],"1":[0,0],"2":[0,0],"3":[0,0]},"all":true}
,"C:/TUT2019/SoftwareTesting/COMP.SE.200-2021-2022-1/src/endsWith.js": {"path":"C:/TUT2019/SoftwareTesting/COMP.SE.200-2021-2022-1/src/endsWith.js","statementMap":{"0":{"start":{"line":24,"column":21},"end":{"line":23,"column":43}},"1":{"start":{"line":25,"column":2},"end":{"line":25,"column":13}},"2":{"start":{"line":26,"column":2},"end":{"line":31,"column":null}},"3":{"start":{"line":27,"column":4},"end":{"line":27,"column":15}},"4":{"start":{"line":29,"column":7},"end":{"line":31,"column":null}},"5":{"start":{"line":30,"column":4},"end":{"line":30,"column":15}},"6":{"start":{"line":32,"column":14},"end":{"line":32,"column":null}},"7":{"start":{"line":33,"column":2},"end":{"line":33,"column":14}},"8":{"start":{"line":34,"column":2},"end":{"line":34,"column":9}}},"fnMap":{"0":{"name":"endsWith","decl":{"start":{"line":23,"column":9},"end":{"line":23,"column":18}},"loc":{"start":{"line":23,"column":44},"end":{"line":35,"column":null}}}},"branchMap":{"0":{"loc":{"start":{"line":25,"column":13},"end":{"line":25,"column":null}},"type":"cond-expr","locations":[{"start":{"line":25,"column":38},"end":{"line":25,"column":47}},{"start":{"line":25,"column":47},"end":{"line":25,"column":null}}]},"1":{"loc":{"start":{"line":26,"column":2},"end":{"line":31,"column":null}},"type":"if","locations":[{"start":{"line":26,"column":2},"end":{"line":31,"column":null}},{"start":{"line":26,"column":2},"end":{"line":31,"column":null}}]},"2":{"loc":{"start":{"line":26,"column":6},"end":{"line":26,"column":44}},"type":"binary-expr","locations":[{"start":{"line":26,"column":6},"end":{"line":26,"column":22}},{"start":{"line":26,"column":22},"end":{"line":26,"column":44}}]},"3":{"loc":{"start":{"line":29,"column":7},"end":{"line":31,"column":null}},"type":"if","locations":[{"start":{"line":29,"column":7},"end":{"line":31,"column":null}},{"start":{"line":29,"column":7},"end":{"line":31,"column":null}}]},"4":{"loc":{"start":{"line":34,"column":9},"end":{"line":34,"column":null}},"type":"binary-expr","locations":[{"start":{"line":34,"column":9},"end":{"line":34,"column":26}},{"start":{"line":34,"column":26},"end":{"line":34,"column":null}}]}},"s":{"0":4,"1":4,"2":4,"3":1,"4":3,"5":1,"6":4,"7":4,"8":4},"f":{"0":4},"b":{"0":[1,3],"1":[1,3],"2":[4,3],"3":[1,2],"4":[4,3]}}
,"C:\\TUT2019\\SoftwareTesting\\COMP.SE.200-2021-2022-1\\src\\eq.js": {"path":"C:\\TUT2019\\SoftwareTesting\\COMP.SE.200-2021-2022-1\\src\\eq.js","statementMap":{"0":{"start":{"line":32,"column":2},"end":{"line":32,"column":63}}},"fnMap":{"0":{"name":"eq","decl":{"start":{"line":31,"column":9},"end":{"line":31,"column":11}},"loc":{"start":{"line":31,"column":26},"end":{"line":33,"column":1}},"line":31}},"branchMap":{"0":{"loc":{"start":{"line":32,"column":9},"end":{"line":32,"column":63}},"type":"binary-expr","locations":[{"start":{"line":32,"column":9},"end":{"line":32,"column":23}},{"start":{"line":32,"column":28},"end":{"line":32,"column":43}},{"start":{"line":32,"column":47},"end":{"line":32,"column":62}}],"line":32}},"s":{"0":0},"f":{"0":0},"b":{"0":[0,0,0]},"all":true}
,"C:/TUT2019/SoftwareTesting/COMP.SE.200-2021-2022-1/src/every.js": {"path":"C:/TUT2019/SoftwareTesting/COMP.SE.200-2021-2022-1/src/every.js","statementMap":{"0":{"start":{"line":23,"column":14},"end":{"line":23,"column":null}},"1":{"start":{"line":24,"column":17},"end":{"line":24,"column":null}},"2":{"start":{"line":26,"column":2},"end":{"line":30,"column":null}},"3":{"start":{"line":27,"column":4},"end":{"line":29,"column":null}},"4":{"start":{"line":28,"column":6},"end":{"line":28,"column":13}},"5":{"start":{"line":31,"column":2},"end":{"line":31,"column":9}}},"fnMap":{"0":{"name":"every","decl":{"start":{"line":22,"column":9},"end":{"line":22,"column":15}},"loc":{"start":{"line":22,"column":33},"end":{"line":32,"column":null}}}},"branchMap":{"0":{"loc":{"start":{"line":24,"column":17},"end":{"line":24,"column":null}},"type":"cond-expr","locations":[{"start":{"line":24,"column":33},"end":{"line":24,"column":37}},{"start":{"line":24,"column":37},"end":{"line":24,"column":null}}]},"1":{"loc":{"start":{"line":27,"column":4},"end":{"line":29,"column":null}},"type":"if","locations":[{"start":{"line":27,"column":4},"end":{"line":29,"column":null}},{"start":{"line":27,"column":4},"end":{"line":29,"column":null}}]}},"s":{"0":3,"1":3,"2":3,"3":7,"4":1,"5":2},"f":{"0":3},"b":{"0":[0,3],"1":[1,6]}}
,"C:/TUT2019/SoftwareTesting/COMP.SE.200-2021-2022-1/src/filter.js": {"path":"C:/TUT2019/SoftwareTesting/COMP.SE.200-2021-2022-1/src/filter.js","statementMap":{"0":{"start":{"line":25,"column":14},"end":{"line":25,"column":null}},"1":{"start":{"line":26,"column":17},"end":{"line":26,"column":null}},"2":{"start":{"line":27,"column":17},"end":{"line":27,"column":null}},"3":{"start":{"line":28,"column":17},"end":{"line":28,"column":18}},"4":{"start":{"line":30,"column":2},"end":{"line":35,"column":null}},"5":{"start":{"line":31,"column":18},"end":{"line":31,"column":24}},"6":{"start":{"line":32,"column":4},"end":{"line":34,"column":null}},"7":{"start":{"line":33,"column":6},"end":{"line":33,"column":13}},"8":{"start":{"line":36,"column":2},"end":{"line":36,"column":9}}},"fnMap":{"0":{"name":"filter","decl":{"start":{"line":24,"column":9},"end":{"line":24,"column":16}},"loc":{"start":{"line":24,"column":34},"end":{"line":37,"column":null}}}},"branchMap":{"0":{"loc":{"start":{"line":27,"column":17},"end":{"line":27,"column":null}},"type":"cond-expr","locations":[{"start":{"line":27,"column":33},"end":{"line":27,"column":37}},{"start":{"line":27,"column":37},"end":{"line":27,"column":null}}]},"1":{"loc":{"start":{"line":32,"column":4},"end":{"line":34,"column":null}},"type":"if","locations":[{"start":{"line":32,"column":4},"end":{"line":34,"column":null}},{"start":{"line":32,"column":4},"end":{"line":34,"column":null}}]}},"s":{"0":2,"1":2,"2":2,"3":2,"4":2,"5":4,"6":4,"7":2,"8":2},"f":{"0":2},"b":{"0":[0,2],"1":[2,2]}}
,"C:\\TUT2019\\SoftwareTesting\\COMP.SE.200-2021-2022-1\\src\\get.js": {"path":"C:\\TUT2019\\SoftwareTesting\\COMP.SE.200-2021-2022-1\\src\\get.js","statementMap":{"0":{"start":{"line":28,"column":17},"end":{"line":28,"column":67}},"1":{"start":{"line":29,"column":2},"end":{"line":29,"column":53}}},"fnMap":{"0":{"name":"get","decl":{"start":{"line":27,"column":9},"end":{"line":27,"column":12}},"loc":{"start":{"line":27,"column":41},"end":{"line":30,"column":1}},"line":27}},"branchMap":{"0":{"loc":{"start":{"line":28,"column":17},"end":{"line":28,"column":67}},"type":"cond-expr","locations":[{"start":{"line":28,"column":34},"end":{"line":28,"column":43}},{"start":{"line":28,"column":46},"end":{"line":28,"column":67}}],"line":28},"1":{"loc":{"start":{"line":29,"column":9},"end":{"line":29,"column":53}},"type":"cond-expr","locations":[{"start":{"line":29,"column":32},"end":{"line":29,"column":44}},{"start":{"line":29,"column":47},"end":{"line":29,"column":53}}],"line":29}},"s":{"0":0,"1":0},"f":{"0":0},"b":{"0":[0,0],"1":[0,0]},"all":true}
,"C:/TUT2019/SoftwareTesting/COMP.SE.200-2021-2022-1/src/isArguments.js": {"path":"C:/TUT2019/SoftwareTesting/COMP.SE.200-2021-2022-1/src/isArguments.js","statementMap":{"0":{"start":{"line":1,"column":0},"end":{"line":1,"column":null}},"1":{"start":{"line":2,"column":0},"end":{"line":2,"column":null}},"2":{"start":{"line":20,"column":2},"end":{"line":20,"column":9}}},"fnMap":{"0":{"name":"isArguments","decl":{"start":{"line":19,"column":9},"end":{"line":19,"column":21}},"loc":{"start":{"line":19,"column":28},"end":{"line":21,"column":null}}}},"branchMap":{"0":{"loc":{"start":{"line":20,"column":9},"end":{"line":20,"column":null}},"type":"binary-expr","locations":[{"start":{"line":20,"column":9},"end":{"line":20,"column":22}},{"start":{"line":20,"column":32},"end":{"line":20,"column":null}}]}},"s":{"0":1,"1":1,"2":0},"f":{"0":0},"b":{"0":[0,0]}}
,"C:/TUT2019/SoftwareTesting/COMP.SE.200-2021-2022-1/src/isArrayLike.js": {"path":"C:/TUT2019/SoftwareTesting/COMP.SE.200-2021-2022-1/src/isArrayLike.js","statementMap":{"0":{"start":{"line":1,"column":0},"end":{"line":1,"column":null}},"1":{"start":{"line":27,"column":2},"end":{"line":27,"column":9}}},"fnMap":{"0":{"name":"isArrayLike","decl":{"start":{"line":26,"column":9},"end":{"line":26,"column":21}},"loc":{"start":{"line":26,"column":28},"end":{"line":28,"column":null}}}},"branchMap":{"0":{"loc":{"start":{"line":27,"column":9},"end":{"line":27,"column":66}},"type":"binary-expr","locations":[{"start":{"line":27,"column":9},"end":{"line":27,"column":26}},{"start":{"line":27,"column":26},"end":{"line":27,"column":57}},{"start":{"line":27,"column":57},"end":{"line":27,"column":66}}]}},"s":{"0":1,"1":5},"f":{"0":5},"b":{"0":[5,5,5]}}
,"C:\\TUT2019\\SoftwareTesting\\COMP.SE.200-2021-2022-1\\src\\isArrayLikeObject.js": {"path":"C:\\TUT2019\\SoftwareTesting\\COMP.SE.200-2021-2022-1\\src\\isArrayLikeObject.js","statementMap":{"0":{"start":{"line":28,"column":2},"end":{"line":28,"column":50}}},"fnMap":{"0":{"name":"isArrayLikeObject","decl":{"start":{"line":27,"column":9},"end":{"line":27,"column":26}},"loc":{"start":{"line":27,"column":34},"end":{"line":29,"column":1}},"line":27}},"branchMap":{"0":{"loc":{"start":{"line":28,"column":9},"end":{"line":28,"column":50}},"type":"binary-expr","locations":[{"start":{"line":28,"column":9},"end":{"line":28,"column":28}},{"start":{"line":28,"column":32},"end":{"line":28,"column":50}}],"line":28}},"s":{"0":0},"f":{"0":0},"b":{"0":[0,0]},"all":true}
,"C:\\TUT2019\\SoftwareTesting\\COMP.SE.200-2021-2022-1\\src\\isBoolean.js": {"path":"C:\\TUT2019\\SoftwareTesting\\COMP.SE.200-2021-2022-1\\src\\isBoolean.js","statementMap":{"0":{"start":{"line":20,"column":2},"end":{"line":21,"column":64}}},"fnMap":{"0":{"name":"isBoolean","decl":{"start":{"line":19,"column":9},"end":{"line":19,"column":18}},"loc":{"start":{"line":19,"column":26},"end":{"line":22,"column":1}},"line":19}},"branchMap":{"0":{"loc":{"start":{"line":20,"column":9},"end":{"line":21,"column":64}},"type":"binary-expr","locations":[{"start":{"line":20,"column":9},"end":{"line":20,"column":23}},{"start":{"line":20,"column":27},"end":{"line":20,"column":42}},{"start":{"line":21,"column":5},"end":{"line":21,"column":24}},{"start":{"line":21,"column":28},"end":{"line":21,"column":63}}],"line":20}},"s":{"0":0},"f":{"0":0},"b":{"0":[0,0,0,0]},"all":true}
,"C:/TUT2019/SoftwareTesting/COMP.SE.200-2021-2022-1/src/isBuffer.js": {"path":"C:/TUT2019/SoftwareTesting/COMP.SE.200-2021-2022-1/src/isBuffer.js","statementMap":{"0":{"start":{"line":1,"column":0},"end":{"line":1,"column":null}},"1":{"start":{"line":4,"column":20},"end":{"line":4,"column":null}},"2":{"start":{"line":7,"column":19},"end":{"line":7,"column":null}},"3":{"start":{"line":10,"column":22},"end":{"line":10,"column":null}},"4":{"start":{"line":13,"column":15},"end":{"line":13,"column":null}},"5":{"start":{"line":16,"column":23},"end":{"line":16,"column":null}},"6":{"start":{"line":33,"column":17},"end":{"line":33,"column":42}},"7":{"start":{"line":33,"column":36},"end":{"line":33,"column":42}}},"fnMap":{"0":{"name":"(anonymous_3)","decl":{"start":{"line":33,"column":36},"end":{"line":33,"column":42}},"loc":{"start":{"line":33,"column":36},"end":{"line":33,"column":42}}}},"branchMap":{"0":{"loc":{"start":{"line":4,"column":20},"end":{"line":4,"column":null}},"type":"binary-expr","locations":[{"start":{"line":4,"column":20},"end":{"line":4,"column":51}},{"start":{"line":4,"column":51},"end":{"line":4,"column":71}},{"start":{"line":4,"column":71},"end":{"line":4,"column":92}},{"start":{"line":4,"column":92},"end":{"line":4,"column":null}}]},"1":{"loc":{"start":{"line":4,"column":20},"end":{"line":4,"column":27}},"type":"cond-expr","locations":[{"start":{"line":4,"column":20},"end":{"line":4,"column":27}},{"start":{"line":4,"column":20},"end":{"line":4,"column":27}}]},"2":{"loc":{"start":{"line":7,"column":19},"end":{"line":7,"column":null}},"type":"binary-expr","locations":[{"start":{"line":7,"column":19},"end":{"line":7,"column":34}},{"start":{"line":7,"column":34},"end":{"line":7,"column":64}},{"start":{"line":7,"column":64},"end":{"line":7,"column":83}},{"start":{"line":7,"column":83},"end":{"line":7,"column":103}},{"start":{"line":7,"column":103},"end":{"line":7,"column":null}}]},"3":{"loc":{"start":{"line":7,"column":34},"end":{"line":7,"column":41}},"type":"cond-expr","locations":[{"start":{"line":7,"column":34},"end":{"line":7,"column":41}},{"start":{"line":7,"column":34},"end":{"line":7,"column":41}}]},"4":{"loc":{"start":{"line":10,"column":22},"end":{"line":10,"column":null}},"type":"binary-expr","locations":[{"start":{"line":10,"column":22},"end":{"line":10,"column":36}},{"start":{"line":10,"column":36},"end":{"line":10,"column":null}}]},"5":{"loc":{"start":{"line":13,"column":15},"end":{"line":13,"column":null}},"type":"cond-expr","locations":[{"start":{"line":13,"column":31},"end":{"line":13,"column":45}},{"start":{"line":13,"column":45},"end":{"line":13,"column":null}}]},"6":{"loc":{"start":{"line":16,"column":23},"end":{"line":16,"column":null}},"type":"cond-expr","locations":[{"start":{"line":16,"column":32},"end":{"line":16,"column":50}},{"start":{"line":16,"column":50},"end":{"line":16,"column":null}}]},"7":{"loc":{"start":{"line":33,"column":17},"end":{"line":33,"column":42}},"type":"binary-expr","locations":[{"start":{"line":33,"column":17},"end":{"line":33,"column":36}},{"start":{"line":33,"column":36},"end":{"line":33,"column":42}}]}},"s":{"0":1,"1":1,"2":1,"3":1,"4":1,"5":1,"6":1,"7":0},"f":{"0":0},"b":{"0":[1,1,1,1],"1":[0,1],"2":[1,1,1,1,1],"3":[0,1],"4":[1,1],"5":[1,0],"6":[1,0],"7":[1,0]}}
,"C:/TUT2019/SoftwareTesting/COMP.SE.200-2021-2022-1/src/isDate.js": {"path":"C:/TUT2019/SoftwareTesting/COMP.SE.200-2021-2022-1/src/isDate.js","statementMap":{"0":{"start":{"line":1,"column":0},"end":{"line":1,"column":null}},"1":{"start":{"line":2,"column":0},"end":{"line":2,"column":null}},"2":{"start":{"line":3,"column":0},"end":{"line":3,"column":null}},"3":{"start":{"line":6,"column":19},"end":{"line":6,"column":null}},"4":{"start":{"line":23,"column":15},"end":{"line":25,"column":5}},"5":{"start":{"line":24,"column":4},"end":{"line":24,"column":5}},"6":{"start":{"line":25,"column":4},"end":{"line":25,"column":5}}},"fnMap":{"0":{"name":"(anonymous_1)","decl":{"start":{"line":24,"column":4},"end":{"line":24,"column":5}},"loc":{"start":{"line":24,"column":4},"end":{"line":24,"column":5}}},"1":{"name":"(anonymous_2)","decl":{"start":{"line":25,"column":4},"end":{"line":25,"column":5}},"loc":{"start":{"line":25,"column":4},"end":{"line":25,"column":5}}}},"branchMap":{"0":{"loc":{"start":{"line":6,"column":19},"end":{"line":6,"column":null}},"type":"binary-expr","locations":[{"start":{"line":6,"column":19},"end":{"line":6,"column":32}},{"start":{"line":6,"column":32},"end":{"line":6,"column":null}}]},"1":{"loc":{"start":{"line":23,"column":15},"end":{"line":25,"column":5}},"type":"cond-expr","locations":[{"start":{"line":24,"column":4},"end":{"line":24,"column":5}},{"start":{"line":25,"column":4},"end":{"line":25,"column":5}}]},"2":{"loc":{"start":{"line":25,"column":15},"end":{"line":25,"column":null}},"type":"binary-expr","locations":[{"start":{"line":25,"column":15},"end":{"line":25,"column":28}},{"start":{"line":25,"column":38},"end":{"line":25,"column":null}}]}},"s":{"0":1,"1":1,"2":1,"3":1,"4":1,"5":2,"6":0},"f":{"0":2,"1":0},"b":{"0":[1,1],"1":[1,0],"2":[0,0]}}
,"C:/TUT2019/SoftwareTesting/COMP.SE.200-2021-2022-1/src/isEmpty.js": {"path":"C:/TUT2019/SoftwareTesting/COMP.SE.200-2021-2022-1/src/isEmpty.js","statementMap":{"0":{"start":{"line":1,"column":0},"end":{"line":1,"column":null}},"1":{"start":{"line":2,"column":0},"end":{"line":2,"column":null}},"2":{"start":{"line":3,"column":0},"end":{"line":3,"column":null}},"3":{"start":{"line":4,"column":0},"end":{"line":4,"column":null}},"4":{"start":{"line":5,"column":0},"end":{"line":5,"column":null}},"5":{"start":{"line":6,"column":0},"end":{"line":6,"column":null}},"6":{"start":{"line":9,"column":23},"end":{"line":9,"column":null}},"7":{"start":{"line":46,"column":2},"end":{"line":48,"column":null}},"8":{"start":{"line":47,"column":4},"end":{"line":47,"column":11}},"9":{"start":{"line":49,"column":2},"end":{"line":53,"column":null}},"10":{"start":{"line":52,"column":4},"end":{"line":52,"column":11}},"11":{"start":{"line":54,"column":14},"end":{"line":54,"column":21}},"12":{"start":{"line":55,"column":2},"end":{"line":57,"column":null}},"13":{"start":{"line":56,"column":4},"end":{"line":56,"column":11}},"14":{"start":{"line":58,"column":2},"end":{"line":60,"column":null}},"15":{"start":{"line":59,"column":4},"end":{"line":59,"column":11}},"16":{"start":{"line":61,"column":2},"end":{"line":65,"column":null}},"17":{"start":{"line":62,"column":4},"end":{"line":64,"column":null}},"18":{"start":{"line":63,"column":6},"end":{"line":63,"column":13}},"19":{"start":{"line":66,"column":2},"end":{"line":66,"column":9}}},"fnMap":{"0":{"name":"isEmpty","decl":{"start":{"line":45,"column":9},"end":{"line":45,"column":17}},"loc":{"start":{"line":45,"column":24},"end":{"line":67,"column":null}}}},"branchMap":{"0":{"loc":{"start":{"line":46,"column":2},"end":{"line":48,"column":null}},"type":"if","locations":[{"start":{"line":46,"column":2},"end":{"line":48,"column":null}},{"start":{"line":46,"column":2},"end":{"line":48,"column":null}}]},"1":{"loc":{"start":{"line":49,"column":2},"end":{"line":53,"column":null}},"type":"if","locations":[{"start":{"line":49,"column":2},"end":{"line":53,"column":null}},{"start":{"line":49,"column":2},"end":{"line":53,"column":null}}]},"2":{"loc":{"start":{"line":49,"column":6},"end":{"line":49,"column":18}},"type":"binary-expr","locations":[{"start":{"line":49,"column":6},"end":{"line":49,"column":18}},{"start":{"line":50,"column":7},"end":{"line":50,"column":13}},{"start":{"line":50,"column":31},"end":{"line":50,"column":60}},{"start":{"line":50,"column":60},"end":{"line":50,"column":null}},{"start":{"line":51,"column":8},"end":{"line":51,"column":17}},{"start":{"line":51,"column":27},"end":{"line":51,"column":40}},{"start":{"line":51,"column":50},"end":{"line":51,"column":62}}]},"3":{"loc":{"start":{"line":55,"column":2},"end":{"line":57,"column":null}},"type":"if","locations":[{"start":{"line":55,"column":2},"end":{"line":57,"column":null}},{"start":{"line":55,"column":2},"end":{"line":57,"column":null}}]},"4":{"loc":{"start":{"line":55,"column":6},"end":{"line":55,"column":54}},"type":"binary-expr","locations":[{"start":{"line":55,"column":6},"end":{"line":55,"column":31}},{"start":{"line":55,"column":31},"end":{"line":55,"column":54}}]},"5":{"loc":{"start":{"line":58,"column":2},"end":{"line":60,"column":null}},"type":"if","locations":[{"start":{"line":58,"column":2},"end":{"line":60,"column":null}},{"start":{"line":58,"column":2},"end":{"line":60,"column":null}}]},"6":{"loc":{"start":{"line":62,"column":4},"end":{"line":64,"column":null}},"type":"if","locations":[{"start":{"line":62,"column":4},"end":{"line":64,"column":null}},{"start":{"line":62,"column":4},"end":{"line":64,"column":null}}]}},"s":{"0":1,"1":1,"2":1,"3":1,"4":1,"5":1,"6":1,"7":6,"8":1,"9":5,"10":4,"11":1,"12":1,"13":0,"14":1,"15":0,"16":1,"17":0,"18":0,"19":1},"f":{"0":6},"b":{"0":[1,5],"1":[4,1],"2":[5,4,2,0,0,0,0],"3":[0,1],"4":[1,1],"5":[0,1],"6":[0,0]}}
,"C:/TUT2019/SoftwareTesting/COMP.SE.200-2021-2022-1/src/isLength.js": {"path":"C:/TUT2019/SoftwareTesting/COMP.SE.200-2021-2022-1/src/isLength.js","statementMap":{"0":{"start":{"line":2,"column":25},"end":{"line":2,"column":null}},"1":{"start":{"line":29,"column":2},"end":{"line":29,"column":9}}},"fnMap":{"0":{"name":"isLength","decl":{"start":{"line":28,"column":9},"end":{"line":28,"column":18}},"loc":{"start":{"line":28,"column":25},"end":{"line":31,"column":null}}}},"branchMap":{"0":{"loc":{"start":{"line":29,"column":9},"end":{"line":30,"column":null}},"type":"binary-expr","locations":[{"start":{"line":29,"column":9},"end":{"line":29,"column":null}},{"start":{"line":30,"column":4},"end":{"line":30,"column":18}},{"start":{"line":30,"column":18},"end":{"line":30,"column":36}},{"start":{"line":30,"column":36},"end":{"line":30,"column":null}}]}},"s":{"0":1,"1":9},"f":{"0":9},"b":{"0":[9,7,7,5]}}
,"C:/TUT2019/SoftwareTesting/COMP.SE.200-2021-2022-1/src/isObject.js": {"path":"C:/TUT2019/SoftwareTesting/COMP.SE.200-2021-2022-1/src/isObject.js","statementMap":{"0":{"start":{"line":25,"column":8},"end":{"line":25,"column":22}},"1":{"start":{"line":26,"column":2},"end":{"line":26,"column":9}}},"fnMap":{"0":{"name":"isObject","decl":{"start":{"line":24,"column":9},"end":{"line":24,"column":18}},"loc":{"start":{"line":24,"column":25},"end":{"line":27,"column":null}}}},"branchMap":{"0":{"loc":{"start":{"line":25,"column":8},"end":{"line":25,"column":22}},"type":"cond-expr","locations":[{"start":{"line":25,"column":8},"end":{"line":25,"column":22}},{"start":{"line":25,"column":8},"end":{"line":25,"column":22}}]},"1":{"loc":{"start":{"line":26,"column":9},"end":{"line":26,"column":18}},"type":"binary-expr","locations":[{"start":{"line":26,"column":9},"end":{"line":26,"column":27}},{"start":{"line":26,"column":27},"end":{"line":26,"column":48}},{"start":{"line":26,"column":48},"end":{"line":26,"column":null}}]}},"s":{"0":6,"1":6},"f":{"0":6},"b":{"0":[0,6],"1":[6,5,3]}}
,"C:/TUT2019/SoftwareTesting/COMP.SE.200-2021-2022-1/src/isObjectLike.js": {"path":"C:/TUT2019/SoftwareTesting/COMP.SE.200-2021-2022-1/src/isObjectLike.js","statementMap":{"0":{"start":{"line":24,"column":2},"end":{"line":24,"column":9}}},"fnMap":{"0":{"name":"isObjectLike","decl":{"start":{"line":23,"column":9},"end":{"line":23,"column":22}},"loc":{"start":{"line":23,"column":29},"end":{"line":25,"column":null}}}},"branchMap":{"0":{"loc":{"start":{"line":24,"column":9},"end":{"line":24,"column":null}},"type":"binary-expr","locations":[{"start":{"line":24,"column":9},"end":{"line":24,"column":38}},{"start":{"line":24,"column":38},"end":{"line":24,"column":null}}]},"1":{"loc":{"start":{"line":24,"column":9},"end":{"line":24,"column":16}},"type":"cond-expr","locations":[{"start":{"line":24,"column":9},"end":{"line":24,"column":16}},{"start":{"line":24,"column":9},"end":{"line":24,"column":16}}]}},"s":{"0":0},"f":{"0":0},"b":{"0":[0,0],"1":[0,0]}}
,"C:/TUT2019/SoftwareTesting/COMP.SE.200-2021-2022-1/src/isSymbol.js": {"path":"C:/TUT2019/SoftwareTesting/COMP.SE.200-2021-2022-1/src/isSymbol.js","statementMap":{"0":{"start":{"line":1,"column":0},"end":{"line":1,"column":null}},"1":{"start":{"line":19,"column":8},"end":{"line":19,"column":22}},"2":{"start":{"line":20,"column":2},"end":{"line":20,"column":9}}},"fnMap":{"0":{"name":"isSymbol","decl":{"start":{"line":18,"column":9},"end":{"line":18,"column":18}},"loc":{"start":{"line":18,"column":25},"end":{"line":21,"column":null}}}},"branchMap":{"0":{"loc":{"start":{"line":19,"column":8},"end":{"line":19,"column":22}},"type":"cond-expr","locations":[{"start":{"line":19,"column":8},"end":{"line":19,"column":22}},{"start":{"line":19,"column":8},"end":{"line":19,"column":22}}]},"1":{"loc":{"start":{"line":20,"column":9},"end":{"line":20,"column":null}},"type":"binary-expr","locations":[{"start":{"line":20,"column":9},"end":{"line":20,"column":30}},{"start":{"line":20,"column":30},"end":{"line":20,"column":51}},{"start":{"line":20,"column":51},"end":{"line":20,"column":68}},{"start":{"line":20,"column":68},"end":{"line":20,"column":null}}]}},"s":{"0":1,"1":2,"2":2},"f":{"0":2},"b":{"0":[0,2],"1":[2,1,0,0]}}
,"C:/TUT2019/SoftwareTesting/COMP.SE.200-2021-2022-1/src/isTypedArray.js": {"path":"C:/TUT2019/SoftwareTesting/COMP.SE.200-2021-2022-1/src/isTypedArray.js","statementMap":{"0":{"start":{"line":1,"column":0},"end":{"line":1,"column":null}},"1":{"start":{"line":2,"column":0},"end":{"line":2,"column":null}},"2":{"start":{"line":3,"column":0},"end":{"line":3,"column":null}},"3":{"start":{"line":6,"column":19},"end":{"line":6,"column":null}},"4":{"start":{"line":9,"column":25},"end":{"line":9,"column":null}},"5":{"start":{"line":26,"column":21},"end":{"line":28,"column":5}},"6":{"start":{"line":27,"column":4},"end":{"line":27,"column":5}},"7":{"start":{"line":28,"column":4},"end":{"line":28,"column":5}}},"fnMap":{"0":{"name":"(anonymous_1)","decl":{"start":{"line":27,"column":4},"end":{"line":27,"column":5}},"loc":{"start":{"line":27,"column":4},"end":{"line":27,"column":5}}},"1":{"name":"(anonymous_2)","decl":{"start":{"line":28,"column":4},"end":{"line":28,"column":5}},"loc":{"start":{"line":28,"column":4},"end":{"line":28,"column":5}}}},"branchMap":{"0":{"loc":{"start":{"line":9,"column":25},"end":{"line":9,"column":null}},"type":"binary-expr","locations":[{"start":{"line":9,"column":25},"end":{"line":9,"column":38}},{"start":{"line":9,"column":38},"end":{"line":9,"column":null}}]},"1":{"loc":{"start":{"line":26,"column":21},"end":{"line":28,"column":5}},"type":"cond-expr","locations":[{"start":{"line":27,"column":4},"end":{"line":27,"column":5}},{"start":{"line":28,"column":4},"end":{"line":28,"column":5}}]},"2":{"loc":{"start":{"line":28,"column":15},"end":{"line":28,"column":49}},"type":"binary-expr","locations":[{"start":{"line":28,"column":15},"end":{"line":28,"column":28}},{"start":{"line":28,"column":38},"end":{"line":28,"column":49}}]}},"s":{"0":1,"1":1,"2":1,"3":1,"4":1,"5":1,"6":0,"7":0},"f":{"0":0,"1":0},"b":{"0":[1,1],"1":[1,0],"2":[0,0]}}
,"C:\\TUT2019\\SoftwareTesting\\COMP.SE.200-2021-2022-1\\src\\keys.js": {"path":"C:\\TUT2019\\SoftwareTesting\\COMP.SE.200-2021-2022-1\\src\\keys.js","statementMap":{"0":{"start":{"line":32,"column":2},"end":{"line":34,"column":33}}},"fnMap":{"0":{"name":"keys","decl":{"start":{"line":31,"column":9},"end":{"line":31,"column":13}},"loc":{"start":{"line":31,"column":22},"end":{"line":35,"column":1}},"line":31}},"branchMap":{"0":{"loc":{"start":{"line":32,"column":9},"end":{"line":34,"column":33}},"type":"cond-expr","locations":[{"start":{"line":33,"column":6},"end":{"line":33,"column":27}},{"start":{"line":34,"column":6},"end":{"line":34,"column":33}}],"line":32}},"s":{"0":0},"f":{"0":0},"b":{"0":[0,0]},"all":true}
,"C:\\TUT2019\\SoftwareTesting\\COMP.SE.200-2021-2022-1\\src\\map.js": {"path":"C:\\TUT2019\\SoftwareTesting\\COMP.SE.200-2021-2022-1\\src\\map.js","statementMap":{"0":{"start":{"line":20,"column":14},"end":{"line":20,"column":16}},"1":{"start":{"line":21,"column":17},"end":{"line":21,"column":49}},"2":{"start":{"line":22,"column":17},"end":{"line":22,"column":34}},"3":{"start":{"line":24,"column":2},"end":{"line":26,"column":3}},"4":{"start":{"line":25,"column":4},"end":{"line":25,"column":56}},"5":{"start":{"line":27,"column":2},"end":{"line":27,"column":15}}},"fnMap":{"0":{"name":"map","decl":{"start":{"line":19,"column":9},"end":{"line":19,"column":12}},"loc":{"start":{"line":19,"column":30},"end":{"line":28,"column":1}},"line":19}},"branchMap":{"0":{"loc":{"start":{"line":21,"column":17},"end":{"line":21,"column":49}},"type":"cond-expr","locations":[{"start":{"line":21,"column":33},"end":{"line":21,"column":34}},{"start":{"line":21,"column":37},"end":{"line":21,"column":49}}],"line":21}},"s":{"0":0,"1":0,"2":0,"3":0,"4":0,"5":0},"f":{"0":0},"b":{"0":[0,0]},"all":true}
,"C:\\TUT2019\\SoftwareTesting\\COMP.SE.200-2021-2022-1\\src\\memoize.js": {"path":"C:\\TUT2019\\SoftwareTesting\\COMP.SE.200-2021-2022-1\\src\\memoize.js","statementMap":{"0":{"start":{"line":44,"column":2},"end":{"line":46,"column":3}},"1":{"start":{"line":45,"column":4},"end":{"line":45,"column":46}},"2":{"start":{"line":47,"column":19},"end":{"line":57,"column":3}},"3":{"start":{"line":48,"column":16},"end":{"line":48,"column":63}},"4":{"start":{"line":49,"column":18},"end":{"line":49,"column":32}},"5":{"start":{"line":51,"column":4},"end":{"line":53,"column":5}},"6":{"start":{"line":52,"column":6},"end":{"line":52,"column":27}},"7":{"start":{"line":54,"column":19},"end":{"line":54,"column":41}},"8":{"start":{"line":55,"column":4},"end":{"line":55,"column":52}},"9":{"start":{"line":56,"column":4},"end":{"line":56,"column":17}},"10":{"start":{"line":58,"column":2},"end":{"line":58,"column":45}},"11":{"start":{"line":59,"column":2},"end":{"line":59,"column":17}},"12":{"start":{"line":62,"column":0},"end":{"line":62,"column":19}}},"fnMap":{"0":{"name":"memoize","decl":{"start":{"line":43,"column":9},"end":{"line":43,"column":16}},"loc":{"start":{"line":43,"column":33},"end":{"line":60,"column":1}},"line":43},"1":{"name":"(anonymous_1)","decl":{"start":{"line":47,"column":19},"end":{"line":47,"column":20}},"loc":{"start":{"line":47,"column":37},"end":{"line":57,"column":3}},"line":47}},"branchMap":{"0":{"loc":{"start":{"line":44,"column":2},"end":{"line":46,"column":3}},"type":"if","locations":[{"start":{"line":44,"column":2},"end":{"line":46,"column":3}},{"start":{"line":44,"column":2},"end":{"line":46,"column":3}}],"line":44},"1":{"loc":{"start":{"line":44,"column":6},"end":{"line":44,"column":88}},"type":"binary-expr","locations":[{"start":{"line":44,"column":6},"end":{"line":44,"column":32}},{"start":{"line":44,"column":37},"end":{"line":44,"column":53}},{"start":{"line":44,"column":57},"end":{"line":44,"column":87}}],"line":44},"2":{"loc":{"start":{"line":48,"column":16},"end":{"line":48,"column":63}},"type":"cond-expr","locations":[{"start":{"line":48,"column":27},"end":{"line":48,"column":53}},{"start":{"line":48,"column":56},"end":{"line":48,"column":63}}],"line":48},"3":{"loc":{"start":{"line":51,"column":4},"end":{"line":53,"column":5}},"type":"if","locations":[{"start":{"line":51,"column":4},"end":{"line":53,"column":5}},{"start":{"line":51,"column":4},"end":{"line":53,"column":5}}],"line":51},"4":{"loc":{"start":{"line":55,"column":21},"end":{"line":55,"column":52}},"type":"binary-expr","locations":[{"start":{"line":55,"column":21},"end":{"line":55,"column":43}},{"start":{"line":55,"column":47},"end":{"line":55,"column":52}}],"line":55},"5":{"loc":{"start":{"line":58,"column":24},"end":{"line":58,"column":44}},"type":"binary-expr","locations":[{"start":{"line":58,"column":24},"end":{"line":58,"column":37}},{"start":{"line":58,"column":41},"end":{"line":58,"column":44}}],"line":58}},"s":{"0":0,"1":0,"2":0,"3":0,"4":0,"5":0,"6":0,"7":0,"8":0,"9":0,"10":0,"11":0,"12":0},"f":{"0":0,"1":0},"b":{"0":[0,0],"1":[0,0,0],"2":[0,0],"3":[0,0],"4":[0,0],"5":[0,0]},"all":true}
,"C:\\TUT2019\\SoftwareTesting\\COMP.SE.200-2021-2022-1\\src\\reduce.js": {"path":"C:\\TUT2019\\SoftwareTesting\\COMP.SE.200-2021-2022-1\\src\\reduce.js","statementMap":{"0":{"start":{"line":39,"column":15},"end":{"line":39,"column":67}},"1":{"start":{"line":40,"column":20},"end":{"line":40,"column":40}},"2":{"start":{"line":41,"column":2},"end":{"line":41,"column":69}}},"fnMap":{"0":{"name":"reduce","decl":{"start":{"line":38,"column":9},"end":{"line":38,"column":15}},"loc":{"start":{"line":38,"column":51},"end":{"line":42,"column":1}},"line":38}},"branchMap":{"0":{"loc":{"start":{"line":39,"column":15},"end":{"line":39,"column":67}},"type":"cond-expr","locations":[{"start":{"line":39,"column":43},"end":{"line":39,"column":54}},{"start":{"line":39,"column":57},"end":{"line":39,"column":67}}],"line":39}},"s":{"0":0,"1":0,"2":0},"f":{"0":0},"b":{"0":[0,0]},"all":true}
,"C:\\TUT2019\\SoftwareTesting\\COMP.SE.200-2021-2022-1\\src\\slice.js": {"path":"C:\\TUT2019\\SoftwareTesting\\COMP.SE.200-2021-2022-1\\src\\slice.js","statementMap":{"0":{"start":{"line":22,"column":15},"end":{"line":22,"column":47}},"1":{"start":{"line":23,"column":2},"end":{"line":25,"column":3}},"2":{"start":{"line":24,"column":4},"end":{"line":24,"column":13}},"3":{"start":{"line":26,"column":2},"end":{"line":26,"column":35}},"4":{"start":{"line":27,"column":2},"end":{"line":27,"column":40}},"5":{"start":{"line":29,"column":2},"end":{"line":31,"column":3}},"6":{"start":{"line":30,"column":4},"end":{"line":30,"column":50}},"7":{"start":{"line":32,"column":2},"end":{"line":34,"column":3}},"8":{"start":{"line":33,"column":4},"end":{"line":33,"column":17}},"9":{"start":{"line":35,"column":2},"end":{"line":35,"column":50}},"10":{"start":{"line":36,"column":2},"end":{"line":36,"column":14}},"11":{"start":{"line":38,"column":14},"end":{"line":38,"column":16}},"12":{"start":{"line":39,"column":17},"end":{"line":39,"column":34}},"13":{"start":{"line":40,"column":2},"end":{"line":42,"column":3}},"14":{"start":{"line":41,"column":4},"end":{"line":41,"column":40}},"15":{"start":{"line":43,"column":2},"end":{"line":43,"column":15}}},"fnMap":{"0":{"name":"slice","decl":{"start":{"line":21,"column":9},"end":{"line":21,"column":14}},"loc":{"start":{"line":21,"column":34},"end":{"line":44,"column":1}},"line":21}},"branchMap":{"0":{"loc":{"start":{"line":22,"column":15},"end":{"line":22,"column":47}},"type":"cond-expr","locations":[{"start":{"line":22,"column":31},"end":{"line":22,"column":32}},{"start":{"line":22,"column":35},"end":{"line":22,"column":47}}],"line":22},"1":{"loc":{"start":{"line":23,"column":2},"end":{"line":25,"column":3}},"type":"if","locations":[{"start":{"line":23,"column":2},"end":{"line":25,"column":3}},{"start":{"line":23,"column":2},"end":{"line":25,"column":3}}],"line":23},"2":{"loc":{"start":{"line":26,"column":10},"end":{"line":26,"column":35}},"type":"cond-expr","locations":[{"start":{"line":26,"column":26},"end":{"line":26,"column":27}},{"start":{"line":26,"column":30},"end":{"line":26,"column":35}}],"line":26},"3":{"loc":{"start":{"line":27,"column":8},"end":{"line":27,"column":40}},"type":"cond-expr","locations":[{"start":{"line":27,"column":28},"end":{"line":27,"column":34}},{"start":{"line":27,"column":37},"end":{"line":27,"column":40}}],"line":27},"4":{"loc":{"start":{"line":29,"column":2},"end":{"line":31,"column":3}},"type":"if","locations":[{"start":{"line":29,"column":2},"end":{"line":31,"column":3}},{"start":{"line":29,"column":2},"end":{"line":31,"column":3}}],"line":29},"5":{"loc":{"start":{"line":30,"column":12},"end":{"line":30,"column":50}},"type":"cond-expr","locations":[{"start":{"line":30,"column":30},"end":{"line":30,"column":31}},{"start":{"line":30,"column":35},"end":{"line":30,"column":49}}],"line":30},"6":{"loc":{"start":{"line":32,"column":2},"end":{"line":34,"column":3}},"type":"if","locations":[{"start":{"line":32,"column":2},"end":{"line":34,"column":3}},{"start":{"line":32,"column":2},"end":{"line":34,"column":3}}],"line":32},"7":{"loc":{"start":{"line":35,"column":11},"end":{"line":35,"column":50}},"type":"cond-expr","locations":[{"start":{"line":35,"column":25},"end":{"line":35,"column":26}},{"start":{"line":35,"column":30},"end":{"line":35,"column":49}}],"line":35}},"s":{"0":0,"1":0,"2":0,"3":0,"4":0,"5":0,"6":0,"7":0,"8":0,"9":0,"10":0,"11":0,"12":0,"13":0,"14":0,"15":0},"f":{"0":0},"b":{"0":[0,0],"1":[0,0],"2":[0,0],"3":[0,0],"4":[0,0],"5":[0,0],"6":[0,0],"7":[0,0]},"all":true}
,"C:\\TUT2019\\SoftwareTesting\\COMP.SE.200-2021-2022-1\\src\\toFinite.js": {"path":"C:\\TUT2019\\SoftwareTesting\\COMP.SE.200-2021-2022-1\\src\\toFinite.js","statementMap":{"0":{"start":{"line":4,"column":17},"end":{"line":4,"column":22}},"1":{"start":{"line":5,"column":20},"end":{"line":5,"column":43}},"2":{"start":{"line":29,"column":2},"end":{"line":31,"column":3}},"3":{"start":{"line":30,"column":4},"end":{"line":30,"column":34}},"4":{"start":{"line":32,"column":2},"end":{"line":32,"column":25}},"5":{"start":{"line":33,"column":2},"end":{"line":36,"column":3}},"6":{"start":{"line":34,"column":18},"end":{"line":34,"column":36}},"7":{"start":{"line":35,"column":4},"end":{"line":35,"column":29}},"8":{"start":{"line":37,"column":2},"end":{"line":37,"column":36}}},"fnMap":{"0":{"name":"toFinite","decl":{"start":{"line":28,"column":9},"end":{"line":28,"column":17}},"loc":{"start":{"line":28,"column":25},"end":{"line":38,"column":1}},"line":28}},"branchMap":{"0":{"loc":{"start":{"line":29,"column":2},"end":{"line":31,"column":3}},"type":"if","locations":[{"start":{"line":29,"column":2},"end":{"line":31,"column":3}},{"start":{"line":29,"column":2},"end":{"line":31,"column":3}}],"line":29},"1":{"loc":{"start":{"line":30,"column":11},"end":{"line":30,"column":34}},"type":"cond-expr","locations":[{"start":{"line":30,"column":25},"end":{"line":30,"column":30}},{"start":{"line":30,"column":33},"end":{"line":30,"column":34}}],"line":30},"2":{"loc":{"start":{"line":33,"column":2},"end":{"line":36,"column":3}},"type":"if","locations":[{"start":{"line":33,"column":2},"end":{"line":36,"column":3}},{"start":{"line":33,"column":2},"end":{"line":36,"column":3}}],"line":33},"3":{"loc":{"start":{"line":33,"column":6},"end":{"line":33,"column":47}},"type":"binary-expr","locations":[{"start":{"line":33,"column":6},"end":{"line":33,"column":24}},{"start":{"line":33,"column":28},"end":{"line":33,"column":47}}],"line":33},"4":{"loc":{"start":{"line":34,"column":18},"end":{"line":34,"column":36}},"type":"cond-expr","locations":[{"start":{"line":34,"column":30},"end":{"line":34,"column":32}},{"start":{"line":34,"column":35},"end":{"line":34,"column":36}}],"line":34},"5":{"loc":{"start":{"line":37,"column":9},"end":{"line":37,"column":36}},"type":"cond-expr","locations":[{"start":{"line":37,"column":27},"end":{"line":37,"column":32}},{"start":{"line":37,"column":35},"end":{"line":37,"column":36}}],"line":37}},"s":{"0":0,"1":0,"2":0,"3":0,"4":0,"5":0,"6":0,"7":0,"8":0},"f":{"0":0},"b":{"0":[0,0],"1":[0,0],"2":[0,0],"3":[0,0],"4":[0,0],"5":[0,0]},"all":true}
,"C:\\TUT2019\\SoftwareTesting\\COMP.SE.200-2021-2022-1\\src\\toInteger.js": {"path":"C:\\TUT2019\\SoftwareTesting\\COMP.SE.200-2021-2022-1\\src\\toInteger.js","statementMap":{"0":{"start":{"line":29,"column":17},"end":{"line":29,"column":32}},"1":{"start":{"line":30,"column":20},"end":{"line":30,"column":30}},"2":{"start":{"line":32,"column":2},"end":{"line":32,"column":48}}},"fnMap":{"0":{"name":"toInteger","decl":{"start":{"line":28,"column":9},"end":{"line":28,"column":18}},"loc":{"start":{"line":28,"column":26},"end":{"line":33,"column":1}},"line":28}},"branchMap":{"0":{"loc":{"start":{"line":32,"column":9},"end":{"line":32,"column":48}},"type":"cond-expr","locations":[{"start":{"line":32,"column":21},"end":{"line":32,"column":39}},{"start":{"line":32,"column":42},"end":{"line":32,"column":48}}],"line":32}},"s":{"0":0,"1":0,"2":0},"f":{"0":0},"b":{"0":[0,0]},"all":true}
,"C:\\TUT2019\\SoftwareTesting\\COMP.SE.200-2021-2022-1\\src\\toNumber.js": {"path":"C:\\TUT2019\\SoftwareTesting\\COMP.SE.200-2021-2022-1\\src\\toNumber.js","statementMap":{"0":{"start":{"line":5,"column":12},"end":{"line":5,"column":17}},"1":{"start":{"line":8,"column":15},"end":{"line":8,"column":27}},"2":{"start":{"line":11,"column":19},"end":{"line":11,"column":39}},"3":{"start":{"line":14,"column":19},"end":{"line":14,"column":31}},"4":{"start":{"line":17,"column":18},"end":{"line":17,"column":31}},"5":{"start":{"line":20,"column":21},"end":{"line":20,"column":29}},"6":{"start":{"line":45,"column":2},"end":{"line":47,"column":3}},"7":{"start":{"line":46,"column":4},"end":{"line":46,"column":16}},"8":{"start":{"line":48,"column":2},"end":{"line":50,"column":3}},"9":{"start":{"line":49,"column":4},"end":{"line":49,"column":14}},"10":{"start":{"line":51,"column":2},"end":{"line":54,"column":3}},"11":{"start":{"line":52,"column":18},"end":{"line":52,"column":79}},"12":{"start":{"line":53,"column":4},"end":{"line":53,"column":48}},"13":{"start":{"line":55,"column":2},"end":{"line":57,"column":3}},"14":{"start":{"line":56,"column":4},"end":{"line":56,"column":39}},"15":{"start":{"line":58,"column":2},"end":{"line":58,"column":35}},"16":{"start":{"line":59,"column":19},"end":{"line":59,"column":41}},"17":{"start":{"line":60,"column":2},"end":{"line":62,"column":45}}},"fnMap":{"0":{"name":"toNumber","decl":{"start":{"line":44,"column":9},"end":{"line":44,"column":17}},"loc":{"start":{"line":44,"column":25},"end":{"line":63,"column":1}},"line":44}},"branchMap":{"0":{"loc":{"start":{"line":45,"column":2},"end":{"line":47,"column":3}},"type":"if","locations":[{"start":{"line":45,"column":2},"end":{"line":47,"column":3}},{"start":{"line":45,"column":2},"end":{"line":47,"column":3}}],"line":45},"1":{"loc":{"start":{"line":48,"column":2},"end":{"line":50,"column":3}},"type":"if","locations":[{"start":{"line":48,"column":2},"end":{"line":50,"column":3}},{"start":{"line":48,"column":2},"end":{"line":50,"column":3}}],"line":48},"2":{"loc":{"start":{"line":51,"column":2},"end":{"line":54,"column":3}},"type":"if","locations":[{"start":{"line":51,"column":2},"end":{"line":54,"column":3}},{"start":{"line":51,"column":2},"end":{"line":54,"column":3}}],"line":51},"3":{"loc":{"start":{"line":52,"column":18},"end":{"line":52,"column":79}},"type":"cond-expr","locations":[{"start":{"line":52,"column":56},"end":{"line":52,"column":71}},{"start":{"line":52,"column":74},"end":{"line":52,"column":79}}],"line":52},"4":{"loc":{"start":{"line":53,"column":12},"end":{"line":53,"column":48}},"type":"cond-expr","locations":[{"start":{"line":53,"column":30},"end":{"line":53,"column":40}},{"start":{"line":53,"column":43},"end":{"line":53,"column":48}}],"line":53},"5":{"loc":{"start":{"line":55,"column":2},"end":{"line":57,"column":3}},"type":"if","locations":[{"start":{"line":55,"column":2},"end":{"line":57,"column":3}},{"start":{"line":55,"column":2},"end":{"line":57,"column":3}}],"line":55},"6":{"loc":{"start":{"line":56,"column":11},"end":{"line":56,"column":39}},"type":"cond-expr","locations":[{"start":{"line":56,"column":25},"end":{"line":56,"column":30}},{"start":{"line":56,"column":33},"end":{"line":56,"column":39}}],"line":56},"7":{"loc":{"start":{"line":60,"column":9},"end":{"line":62,"column":45}},"type":"cond-expr","locations":[{"start":{"line":61,"column":6},"end":{"line":61,"column":52}},{"start":{"line":62,"column":7},"end":{"line":62,"column":44}}],"line":60},"8":{"loc":{"start":{"line":60,"column":10},"end":{"line":60,"column":43}},"type":"binary-expr","locations":[{"start":{"line":60,"column":10},"end":{"line":60,"column":18}},{"start":{"line":60,"column":22},"end":{"line":60,"column":43}}],"line":60},"9":{"loc":{"start":{"line":61,"column":35},"end":{"line":61,"column":51}},"type":"cond-expr","locations":[{"start":{"line":61,"column":46},"end":{"line":61,"column":47}},{"start":{"line":61,"column":50},"end":{"line":61,"column":51}}],"line":61},"10":{"loc":{"start":{"line":62,"column":7},"end":{"line":62,"column":44}},"type":"cond-expr","locations":[{"start":{"line":62,"column":32},"end":{"line":62,"column":35}},{"start":{"line":62,"column":38},"end":{"line":62,"column":44}}],"line":62}},"s":{"0":0,"1":0,"2":0,"3":0,"4":0,"5":0,"6":0,"7":0,"8":0,"9":0,"10":0,"11":0,"12":0,"13":0,"14":0,"15":0,"16":0,"17":0},"f":{"0":0},"b":{"0":[0,0],"1":[0,0],"2":[0,0],"3":[0,0],"4":[0,0],"5":[0,0],"6":[0,0],"7":[0,0],"8":[0,0],"9":[0,0],"10":[0,0]},"all":true}
,"C:\\TUT2019\\SoftwareTesting\\COMP.SE.200-2021-2022-1\\src\\toString.js": {"path":"C:\\TUT2019\\SoftwareTesting\\COMP.SE.200-2021-2022-1\\src\\toString.js","statementMap":{"0":{"start":{"line":4,"column":17},"end":{"line":4,"column":22}},"1":{"start":{"line":28,"column":2},"end":{"line":30,"column":3}},"2":{"start":{"line":29,"column":4},"end":{"line":29,"column":16}},"3":{"start":{"line":31,"column":2},"end":{"line":34,"column":3}},"4":{"start":{"line":33,"column":4},"end":{"line":33,"column":77}},"5":{"start":{"line":33,"column":35},"end":{"line":33,"column":74}},"6":{"start":{"line":35,"column":2},"end":{"line":37,"column":3}},"7":{"start":{"line":36,"column":4},"end":{"line":36,"column":27}},"8":{"start":{"line":38,"column":17},"end":{"line":38,"column":27}},"9":{"start":{"line":39,"column":2},"end":{"line":39,"column":68}}},"fnMap":{"0":{"name":"toString","decl":{"start":{"line":25,"column":9},"end":{"line":25,"column":17}},"loc":{"start":{"line":25,"column":25},"end":{"line":40,"column":1}},"line":25},"1":{"name":"(anonymous_1)","decl":{"start":{"line":33,"column":24},"end":{"line":33,"column":25}},"loc":{"start":{"line":33,"column":35},"end":{"line":33,"column":74}},"line":33}},"branchMap":{"0":{"loc":{"start":{"line":28,"column":2},"end":{"line":30,"column":3}},"type":"if","locations":[{"start":{"line":28,"column":2},"end":{"line":30,"column":3}},{"start":{"line":28,"column":2},"end":{"line":30,"column":3}}],"line":28},"1":{"loc":{"start":{"line":31,"column":2},"end":{"line":34,"column":3}},"type":"if","locations":[{"start":{"line":31,"column":2},"end":{"line":34,"column":3}},{"start":{"line":31,"column":2},"end":{"line":34,"column":3}}],"line":31},"2":{"loc":{"start":{"line":33,"column":35},"end":{"line":33,"column":74}},"type":"cond-expr","locations":[{"start":{"line":33,"column":51},"end":{"line":33,"column":56}},{"start":{"line":33,"column":59},"end":{"line":33,"column":74}}],"line":33},"3":{"loc":{"start":{"line":35,"column":2},"end":{"line":37,"column":3}},"type":"if","locations":[{"start":{"line":35,"column":2},"end":{"line":37,"column":3}},{"start":{"line":35,"column":2},"end":{"line":37,"column":3}}],"line":35},"4":{"loc":{"start":{"line":39,"column":9},"end":{"line":39,"column":68}},"type":"cond-expr","locations":[{"start":{"line":39,"column":55},"end":{"line":39,"column":59}},{"start":{"line":39,"column":62},"end":{"line":39,"column":68}}],"line":39},"5":{"loc":{"start":{"line":39,"column":10},"end":{"line":39,"column":51}},"type":"binary-expr","locations":[{"start":{"line":39,"column":10},"end":{"line":39,"column":23}},{"start":{"line":39,"column":27},"end":{"line":39,"column":51}}],"line":39}},"s":{"0":0,"1":0,"2":0,"3":0,"4":0,"5":0,"6":0,"7":0,"8":0,"9":0},"f":{"0":0,"1":0},"b":{"0":[0,0],"1":[0,0],"2":[0,0],"3":[0,0],"4":[0,0],"5":[0,0]},"all":true}
,"C:\\TUT2019\\SoftwareTesting\\COMP.SE.200-2021-2022-1\\src\\upperFirst.js": {"path":"C:\\TUT2019\\SoftwareTesting\\COMP.SE.200-2021-2022-1\\src\\upperFirst.js","statementMap":{"0":{"start":{"line":19,"column":19},"end":{"line":19,"column":49}}},"fnMap":{},"branchMap":{},"s":{"0":0},"f":{},"b":{},"all":true}
,"C:\\TUT2019\\SoftwareTesting\\COMP.SE.200-2021-2022-1\\src\\words.js": {"path":"C:\\TUT2019\\SoftwareTesting\\COMP.SE.200-2021-2022-1\\src\\words.js","statementMap":{"0":{"start":{"line":3,"column":23},"end":{"line":5,"column":1}},"1":{"start":{"line":8,"column":20},"end":{"line":8,"column":63}},"2":{"start":{"line":11,"column":2},"end":{"line":11,"column":34}},"3":{"start":{"line":31,"column":2},"end":{"line":34,"column":3}},"4":{"start":{"line":32,"column":19},"end":{"line":32,"column":85}},"5":{"start":{"line":33,"column":4},"end":{"line":33,"column":23}},"6":{"start":{"line":35,"column":2},"end":{"line":35,"column":36}}},"fnMap":{"0":{"name":"asciiWords","decl":{"start":{"line":10,"column":9},"end":{"line":10,"column":19}},"loc":{"start":{"line":10,"column":28},"end":{"line":12,"column":1}},"line":10},"1":{"name":"words","decl":{"start":{"line":30,"column":9},"end":{"line":30,"column":14}},"loc":{"start":{"line":30,"column":32},"end":{"line":36,"column":1}},"line":30}},"branchMap":{"0":{"loc":{"start":{"line":31,"column":2},"end":{"line":34,"column":3}},"type":"if","locations":[{"start":{"line":31,"column":2},"end":{"line":34,"column":3}},{"start":{"line":31,"column":2},"end":{"line":34,"column":3}}],"line":31},"1":{"loc":{"start":{"line":32,"column":19},"end":{"line":32,"column":85}},"type":"cond-expr","locations":[{"start":{"line":32,"column":44},"end":{"line":32,"column":64}},{"start":{"line":32,"column":67},"end":{"line":32,"column":85}}],"line":32},"2":{"loc":{"start":{"line":33,"column":11},"end":{"line":33,"column":23}},"type":"binary-expr","locations":[{"start":{"line":33,"column":11},"end":{"line":33,"column":17}},{"start":{"line":33,"column":21},"end":{"line":33,"column":23}}],"line":33},"3":{"loc":{"start":{"line":35,"column":9},"end":{"line":35,"column":36}},"type":"binary-expr","locations":[{"start":{"line":35,"column":9},"end":{"line":35,"column":30}},{"start":{"line":35,"column":34},"end":{"line":35,"column":36}}],"line":35}},"s":{"0":0,"1":0,"2":0,"3":0,"4":0,"5":0,"6":0},"f":{"0":0,"1":0},"b":{"0":[0,0],"1":[0,0],"2":[0,0],"3":[0,0]},"all":true}
,"C:/TUT2019/SoftwareTesting/COMP.SE.200-2021-2022-1/test/src/add.test.js": {"path":"C:/TUT2019/SoftwareTesting/COMP.SE.200-2021-2022-1/test/src/add.test.js","statementMap":{"0":{"start":{"line":1,"column":0},"end":{"line":1,"column":null}},"1":{"start":{"line":2,"column":0},"end":{"line":2,"column":null}},"2":{"start":{"line":4,"column":0},"end":{"line":4,"column":9}},"3":{"start":{"line":5,"column":2},"end":{"line":10,"column":null}},"4":{"start":{"line":5,"column":18},"end":{"line":5,"column":21}},"5":{"start":{"line":6,"column":17},"end":{"line":6,"column":22}},"6":{"start":{"line":7,"column":17},"end":{"line":7,"column":22}},"7":{"start":{"line":8,"column":19},"end":{"line":8,"column":null}},"8":{"start":{"line":9,"column":4},"end":{"line":9,"column":11}}},"fnMap":{"0":{"name":"(anonymous_1)","decl":{"start":{"line":4,"column":29},"end":{"line":4,"column":35}},"loc":{"start":{"line":4,"column":35},"end":{"line":11,"column":null}}}},"branchMap":{},"s":{"0":1,"1":1,"2":1,"3":1,"4":1,"5":10,"6":10,"7":10,"8":10},"f":{"0":1},"b":{}}
,"C:/TUT2019/SoftwareTesting/COMP.SE.200-2021-2022-1/test/src/defaultTo.test.js": {"path":"C:/TUT2019/SoftwareTesting/COMP.SE.200-2021-2022-1/test/src/defaultTo.test.js","statementMap":{"0":{"start":{"line":1,"column":0},"end":{"line":1,"column":null}},"1":{"start":{"line":2,"column":0},"end":{"line":2,"column":null}},"2":{"start":{"line":4,"column":0},"end":{"line":4,"column":9}},"3":{"start":{"line":5,"column":2},"end":{"line":5,"column":5}},"4":{"start":{"line":6,"column":19},"end":{"line":6,"column":29}},"5":{"start":{"line":7,"column":4},"end":{"line":7,"column":11}},"6":{"start":{"line":9,"column":2},"end":{"line":9,"column":5}},"7":{"start":{"line":10,"column":20},"end":{"line":10,"column":30}},"8":{"start":{"line":11,"column":4},"end":{"line":11,"column":11}}},"fnMap":{"0":{"name":"(anonymous_1)","decl":{"start":{"line":4,"column":35},"end":{"line":4,"column":41}},"loc":{"start":{"line":4,"column":41},"end":{"line":13,"column":null}}},"1":{"name":"(anonymous_2)","decl":{"start":{"line":5,"column":21},"end":{"line":5,"column":33}},"loc":{"start":{"line":5,"column":33},"end":{"line":8,"column":null}}},"2":{"name":"(anonymous_3)","decl":{"start":{"line":9,"column":14},"end":{"line":9,"column":26}},"loc":{"start":{"line":9,"column":26},"end":{"line":12,"column":null}}}},"branchMap":{},"s":{"0":1,"1":1,"2":1,"3":1,"4":1,"5":1,"6":1,"7":1,"8":1},"f":{"0":1,"1":1,"2":1},"b":{}}
,"C:/TUT2019/SoftwareTesting/COMP.SE.200-2021-2022-1/test/src/endsWith.test.js": {"path":"C:/TUT2019/SoftwareTesting/COMP.SE.200-2021-2022-1/test/src/endsWith.test.js","statementMap":{"0":{"start":{"line":1,"column":0},"end":{"line":1,"column":null}},"1":{"start":{"line":2,"column":0},"end":{"line":2,"column":null}},"2":{"start":{"line":4,"column":0},"end":{"line":4,"column":9}},"3":{"start":{"line":5,"column":2},"end":{"line":5,"column":5}},"4":{"start":{"line":6,"column":19},"end":{"line":6,"column":28}},"5":{"start":{"line":7,"column":4},"end":{"line":7,"column":11}},"6":{"start":{"line":9,"column":2},"end":{"line":9,"column":5}},"7":{"start":{"line":10,"column":19},"end":{"line":10,"column":28}},"8":{"start":{"line":11,"column":4},"end":{"line":11,"column":11}},"9":{"start":{"line":13,"column":2},"end":{"line":13,"column":5}},"10":{"start":{"line":14,"column":19},"end":{"line":14,"column":28}},"11":{"start":{"line":15,"column":4},"end":{"line":15,"column":11}},"12":{"start":{"line":17,"column":2},"end":{"line":17,"column":5}},"13":{"start":{"line":18,"column":19},"end":{"line":18,"column":28}},"14":{"start":{"line":19,"column":4},"end":{"line":19,"column":11}}},"fnMap":{"0":{"name":"(anonymous_1)","decl":{"start":{"line":4,"column":34},"end":{"line":4,"column":40}},"loc":{"start":{"line":4,"column":40},"end":{"line":21,"column":null}}},"1":{"name":"(anonymous_2)","decl":{"start":{"line":5,"column":28},"end":{"line":5,"column":40}},"loc":{"start":{"line":5,"column":40},"end":{"line":8,"column":null}}},"2":{"name":"(anonymous_3)","decl":{"start":{"line":9,"column":36},"end":{"line":9,"column":48}},"loc":{"start":{"line":9,"column":48},"end":{"line":12,"column":null}}},"3":{"name":"(anonymous_4)","decl":{"start":{"line":13,"column":34},"end":{"line":13,"column":46}},"loc":{"start":{"line":13,"column":46},"end":{"line":16,"column":null}}},"4":{"name":"(anonymous_5)","decl":{"start":{"line":17,"column":48},"end":{"line":17,"column":60}},"loc":{"start":{"line":17,"column":60},"end":{"line":20,"column":null}}}},"branchMap":{},"s":{"0":1,"1":1,"2":1,"3":1,"4":1,"5":1,"6":1,"7":1,"8":1,"9":1,"10":1,"11":1,"12":1,"13":1,"14":1},"f":{"0":1,"1":1,"2":1,"3":1,"4":1},"b":{}}
,"C:/TUT2019/SoftwareTesting/COMP.SE.200-2021-2022-1/test/src/every.test.js": {"path":"C:/TUT2019/SoftwareTesting/COMP.SE.200-2021-2022-1/test/src/every.test.js","statementMap":{"0":{"start":{"line":1,"column":0},"end":{"line":1,"column":null}},"1":{"start":{"line":3,"column":0},"end":{"line":3,"column":null}},"2":{"start":{"line":2,"column":15},"end":{"line":2,"column":23}},"3":{"start":{"line":5,"column":0},"end":{"line":5,"column":9}},"4":{"start":{"line":6,"column":2},"end":{"line":6,"column":5}},"5":{"start":{"line":7,"column":19},"end":{"line":7,"column":25}},"6":{"start":{"line":8,"column":4},"end":{"line":8,"column":11}},"7":{"start":{"line":10,"column":2},"end":{"line":10,"column":5}},"8":{"start":{"line":11,"column":19},"end":{"line":11,"column":25}},"9":{"start":{"line":12,"column":4},"end":{"line":12,"column":11}},"10":{"start":{"line":14,"column":2},"end":{"line":14,"column":5}},"11":{"start":{"line":15,"column":19},"end":{"line":15,"column":25}},"12":{"start":{"line":16,"column":4},"end":{"line":16,"column":11}}},"fnMap":{"0":{"name":"(anonymous_1)","decl":{"start":{"line":5,"column":31},"end":{"line":5,"column":37}},"loc":{"start":{"line":5,"column":37},"end":{"line":18,"column":null}}},"1":{"name":"(anonymous_2)","decl":{"start":{"line":6,"column":22},"end":{"line":6,"column":34}},"loc":{"start":{"line":6,"column":34},"end":{"line":9,"column":null}}},"2":{"name":"(anonymous_3)","decl":{"start":{"line":10,"column":32},"end":{"line":10,"column":44}},"loc":{"start":{"line":10,"column":44},"end":{"line":13,"column":null}}},"3":{"name":"(anonymous_4)","decl":{"start":{"line":14,"column":31},"end":{"line":14,"column":43}},"loc":{"start":{"line":14,"column":43},"end":{"line":17,"column":null}}}},"branchMap":{},"s":{"0":1,"1":1,"2":1,"3":1,"4":1,"5":1,"6":1,"7":1,"8":1,"9":1,"10":1,"11":1,"12":1},"f":{"0":1,"1":1,"2":1,"3":1},"b":{}}
,"C:/TUT2019/SoftwareTesting/COMP.SE.200-2021-2022-1/test/src/filter.test.js": {"path":"C:/TUT2019/SoftwareTesting/COMP.SE.200-2021-2022-1/test/src/filter.test.js","statementMap":{"0":{"start":{"line":1,"column":0},"end":{"line":1,"column":null}},"1":{"start":{"line":2,"column":0},"end":{"line":2,"column":null}},"2":{"start":{"line":4,"column":14},"end":{"line":4,"column":null}},"3":{"start":{"line":9,"column":0},"end":{"line":9,"column":9}},"4":{"start":{"line":10,"column":2},"end":{"line":10,"column":5}},"5":{"start":{"line":11,"column":19},"end":{"line":11,"column":26}},"6":{"start":{"line":11,"column":33},"end":{"line":11,"column":49}},"7":{"start":{"line":11,"column":33},"end":{"line":11,"column":36}},"8":{"start":{"line":12,"column":4},"end":{"line":12,"column":11}},"9":{"start":{"line":14,"column":2},"end":{"line":14,"column":5}},"10":{"start":{"line":15,"column":19},"end":{"line":15,"column":26}},"11":{"start":{"line":15,"column":33},"end":{"line":15,"column":49}},"12":{"start":{"line":15,"column":33},"end":{"line":15,"column":36}},"13":{"start":{"line":16,"column":4},"end":{"line":16,"column":11}}},"fnMap":{"0":{"name":"(anonymous_1)","decl":{"start":{"line":9,"column":32},"end":{"line":9,"column":38}},"loc":{"start":{"line":9,"column":38},"end":{"line":18,"column":null}}},"1":{"name":"(anonymous_2)","decl":{"start":{"line":10,"column":14},"end":{"line":10,"column":26}},"loc":{"start":{"line":10,"column":26},"end":{"line":13,"column":null}}},"2":{"name":"(anonymous_3)","decl":{"start":{"line":11,"column":33},"end":{"line":11,"column":36}},"loc":{"start":{"line":11,"column":33},"end":{"line":11,"column":36}}},"3":{"name":"(anonymous_4)","decl":{"start":{"line":14,"column":15},"end":{"line":14,"column":27}},"loc":{"start":{"line":14,"column":27},"end":{"line":17,"column":null}}},"4":{"name":"(anonymous_5)","decl":{"start":{"line":15,"column":33},"end":{"line":15,"column":36}},"loc":{"start":{"line":15,"column":33},"end":{"line":15,"column":36}}}},"branchMap":{},"s":{"0":1,"1":1,"2":1,"3":1,"4":1,"5":1,"6":2,"7":2,"8":1,"9":1,"10":1,"11":2,"12":2,"13":1},"f":{"0":1,"1":1,"2":2,"3":1,"4":2},"b":{}}
,"C:/TUT2019/SoftwareTesting/COMP.SE.200-2021-2022-1/test/src/isDate.test.js": {"path":"C:/TUT2019/SoftwareTesting/COMP.SE.200-2021-2022-1/test/src/isDate.test.js","statementMap":{"0":{"start":{"line":1,"column":0},"end":{"line":1,"column":null}},"1":{"start":{"line":2,"column":0},"end":{"line":2,"column":null}},"2":{"start":{"line":4,"column":0},"end":{"line":4,"column":9}},"3":{"start":{"line":5,"column":2},"end":{"line":5,"column":5}},"4":{"start":{"line":6,"column":22},"end":{"line":6,"column":null}},"5":{"start":{"line":11,"column":4},"end":{"line":11,"column":14}},"6":{"start":{"line":12,"column":6},"end":{"line":12,"column":13}}},"fnMap":{"0":{"name":"(anonymous_1)","decl":{"start":{"line":4,"column":22},"end":{"line":4,"column":28}},"loc":{"start":{"line":4,"column":28},"end":{"line":15,"column":null}}},"1":{"name":"(anonymous_2)","decl":{"start":{"line":5,"column":67},"end":{"line":5,"column":73}},"loc":{"start":{"line":5,"column":73},"end":{"line":14,"column":null}}},"2":{"name":"(anonymous_3)","decl":{"start":{"line":11,"column":18},"end":{"line":11,"column":19}},"loc":{"start":{"line":11,"column":32},"end":{"line":13,"column":null}}}},"branchMap":{},"s":{"0":1,"1":1,"2":1,"3":1,"4":1,"5":1,"6":2},"f":{"0":1,"1":1,"2":2},"b":{}}
,"C:/TUT2019/SoftwareTesting/COMP.SE.200-2021-2022-1/test/src/isEmpty.test.js": {"path":"C:/TUT2019/SoftwareTesting/COMP.SE.200-2021-2022-1/test/src/isEmpty.test.js","statementMap":{"0":{"start":{"line":1,"column":0},"end":{"line":1,"column":null}},"1":{"start":{"line":2,"column":0},"end":{"line":2,"column":null}},"2":{"start":{"line":4,"column":0},"end":{"line":4,"column":9}},"3":{"start":{"line":5,"column":2},"end":{"line":5,"column":5}},"4":{"start":{"line":6,"column":22},"end":{"line":6,"column":null}},"5":{"start":{"line":15,"column":4},"end":{"line":15,"column":14}},"6":{"start":{"line":16,"column":6},"end":{"line":16,"column":13}}},"fnMap":{"0":{"name":"(anonymous_1)","decl":{"start":{"line":4,"column":33},"end":{"line":4,"column":39}},"loc":{"start":{"line":4,"column":39},"end":{"line":19,"column":null}}},"1":{"name":"(anonymous_2)","decl":{"start":{"line":5,"column":82},"end":{"line":5,"column":88}},"loc":{"start":{"line":5,"column":88},"end":{"line":18,"column":null}}},"2":{"name":"(anonymous_3)","decl":{"start":{"line":15,"column":18},"end":{"line":15,"column":19}},"loc":{"start":{"line":15,"column":32},"end":{"line":17,"column":null}}}},"branchMap":{},"s":{"0":1,"1":1,"2":1,"3":1,"4":1,"5":1,"6":6},"f":{"0":1,"1":1,"2":6},"b":{}}
,"C:/TUT2019/SoftwareTesting/COMP.SE.200-2021-2022-1/test/src/isLength.test.js": {"path":"C:/TUT2019/SoftwareTesting/COMP.SE.200-2021-2022-1/test/src/isLength.test.js","statementMap":{"0":{"start":{"line":1,"column":0},"end":{"line":1,"column":null}},"1":{"start":{"line":3,"column":0},"end":{"line":3,"column":null}},"2":{"start":{"line":2,"column":15},"end":{"line":2,"column":23}},"3":{"start":{"line":5,"column":0},"end":{"line":5,"column":9}},"4":{"start":{"line":6,"column":2},"end":{"line":6,"column":5}},"5":{"start":{"line":7,"column":19},"end":{"line":7,"column":28}},"6":{"start":{"line":8,"column":4},"end":{"line":8,"column":11}},"7":{"start":{"line":10,"column":2},"end":{"line":10,"column":5}},"8":{"start":{"line":11,"column":19},"end":{"line":11,"column":28}},"9":{"start":{"line":12,"column":4},"end":{"line":12,"column":11}},"10":{"start":{"line":14,"column":2},"end":{"line":14,"column":5}},"11":{"start":{"line":15,"column":19},"end":{"line":15,"column":28}},"12":{"start":{"line":16,"column":4},"end":{"line":16,"column":11}},"13":{"start":{"line":18,"column":2},"end":{"line":18,"column":5}},"14":{"start":{"line":19,"column":19},"end":{"line":19,"column":28}},"15":{"start":{"line":20,"column":4},"end":{"line":20,"column":11}}},"fnMap":{"0":{"name":"(anonymous_1)","decl":{"start":{"line":5,"column":34},"end":{"line":5,"column":40}},"loc":{"start":{"line":5,"column":40},"end":{"line":22,"column":null}}},"1":{"name":"(anonymous_2)","decl":{"start":{"line":6,"column":19},"end":{"line":6,"column":31}},"loc":{"start":{"line":6,"column":31},"end":{"line":9,"column":null}}},"2":{"name":"(anonymous_3)","decl":{"start":{"line":10,"column":20},"end":{"line":10,"column":32}},"loc":{"start":{"line":10,"column":32},"end":{"line":13,"column":null}}},"3":{"name":"(anonymous_4)","decl":{"start":{"line":14,"column":19},"end":{"line":14,"column":31}},"loc":{"start":{"line":14,"column":31},"end":{"line":17,"column":null}}},"4":{"name":"(anonymous_5)","decl":{"start":{"line":18,"column":20},"end":{"line":18,"column":32}},"loc":{"start":{"line":18,"column":32},"end":{"line":21,"column":null}}}},"branchMap":{},"s":{"0":1,"1":1,"2":1,"3":1,"4":1,"5":1,"6":1,"7":1,"8":1,"9":1,"10":1,"11":1,"12":1,"13":1,"14":1,"15":1},"f":{"0":1,"1":1,"2":1,"3":1,"4":1},"b":{}}
,"C:/TUT2019/SoftwareTesting/COMP.SE.200-2021-2022-1/test/src/isObject.test.js": {"path":"C:/TUT2019/SoftwareTesting/COMP.SE.200-2021-2022-1/test/src/isObject.test.js","statementMap":{"0":{"start":{"line":1,"column":0},"end":{"line":1,"column":null}},"1":{"start":{"line":2,"column":0},"end":{"line":2,"column":null}},"2":{"start":{"line":4,"column":0},"end":{"line":4,"column":9}},"3":{"start":{"line":5,"column":2},"end":{"line":5,"column":5}},"4":{"start":{"line":6,"column":22},"end":{"line":6,"column":null}},"5":{"start":{"line":15,"column":4},"end":{"line":15,"column":14}},"6":{"start":{"line":16,"column":6},"end":{"line":16,"column":13}}},"fnMap":{"0":{"name":"(anonymous_1)","decl":{"start":{"line":4,"column":34},"end":{"line":4,"column":40}},"loc":{"start":{"line":4,"column":40},"end":{"line":19,"column":null}}},"1":{"name":"(anonymous_2)","decl":{"start":{"line":5,"column":136},"end":{"line":5,"column":142}},"loc":{"start":{"line":5,"column":142},"end":{"line":18,"column":null}}},"2":{"name":"(anonymous_3)","decl":{"start":{"line":15,"column":18},"end":{"line":15,"column":19}},"loc":{"start":{"line":15,"column":32},"end":{"line":17,"column":null}}}},"branchMap":{},"s":{"0":1,"1":1,"2":1,"3":1,"4":1,"5":1,"6":6},"f":{"0":1,"1":1,"2":6},"b":{}}
,"C:/TUT2019/SoftwareTesting/COMP.SE.200-2021-2022-1/test/src/isSymbol.test.js": {"path":"C:/TUT2019/SoftwareTesting/COMP.SE.200-2021-2022-1/test/src/isSymbol.test.js","statementMap":{"0":{"start":{"line":1,"column":0},"end":{"line":1,"column":null}},"1":{"start":{"line":3,"column":0},"end":{"line":3,"column":null}},"2":{"start":{"line":2,"column":15},"end":{"line":2,"column":23}},"3":{"start":{"line":5,"column":0},"end":{"line":5,"column":9}},"4":{"start":{"line":6,"column":2},"end":{"line":6,"column":5}},"5":{"start":{"line":7,"column":19},"end":{"line":7,"column":28}},"6":{"start":{"line":8,"column":4},"end":{"line":8,"column":11}},"7":{"start":{"line":10,"column":2},"end":{"line":10,"column":5}},"8":{"start":{"line":11,"column":19},"end":{"line":11,"column":28}},"9":{"start":{"line":12,"column":4},"end":{"line":12,"column":11}}},"fnMap":{"0":{"name":"(anonymous_1)","decl":{"start":{"line":5,"column":34},"end":{"line":5,"column":40}},"loc":{"start":{"line":5,"column":40},"end":{"line":14,"column":null}}},"1":{"name":"(anonymous_2)","decl":{"start":{"line":6,"column":23},"end":{"line":6,"column":35}},"loc":{"start":{"line":6,"column":35},"end":{"line":9,"column":null}}},"2":{"name":"(anonymous_3)","decl":{"start":{"line":10,"column":24},"end":{"line":10,"column":36}},"loc":{"start":{"line":10,"column":36},"end":{"line":13,"column":null}}}},"branchMap":{},"s":{"0":1,"1":1,"2":1,"3":1,"4":1,"5":1,"6":1,"7":1,"8":1,"9":1},"f":{"0":1,"1":1,"2":1},"b":{}}
}
