TN:
SF:src\add.js
FN:16,(anonymous_1)
FNF:1
FNH:1
FNDA:10,(anonymous_1)
DA:1,1
DA:16,10
LF:2
LH:2
BRF:0
BRH:0
end_of_record
TN:
SF:src\at.js
FN:19,(anonymous_0)
FNF:1
FNH:0
FNDA:0,(anonymous_0)
DA:19,0
LF:1
LH:0
BRF:0
BRH:0
end_of_record
TN:
SF:src\camelCase.js
FN:24,(anonymous_0)
FN:25,(anonymous_1)
FNF:2
FNH:0
FNDA:0,(anonymous_0)
FNDA:0,(anonymous_1)
DA:24,0
DA:25,0
DA:26,0
DA:27,0
LF:4
LH:0
BRDA:27,0,0,0
BRDA:27,0,1,0
BRF:2
BRH:0
end_of_record
TN:
SF:src\capitalize.js
FN:17,(anonymous_0)
FNF:1
FNH:0
FNDA:0,(anonymous_0)
DA:17,0
LF:1
LH:0
BRF:0
BRH:0
end_of_record
TN:
SF:src\castArray.js
FN:33,castArray
FNF:1
FNH:0
FNDA:0,castArray
DA:34,0
DA:35,0
LF:2
LH:0
BRDA:35,0,0,0
BRDA:35,0,1,0
BRF:2
BRH:0
end_of_record
TN:
SF:src\ceil.js
FNF:0
FNH:0
DA:22,0
LF:1
LH:0
BRF:0
BRH:0
end_of_record
TN:
SF:src\chunk.js
FN:22,chunk
FNF:1
FNH:0
FNDA:0,chunk
DA:23,0
DA:24,0
DA:25,0
DA:26,0
DA:28,0
DA:29,0
DA:30,0
DA:32,0
DA:33,0
DA:35,0
LF:10
LH:0
BRDA:22,0,0,0
BRDA:24,1,0,0
BRDA:24,1,1,0
BRDA:25,2,0,0
BRDA:25,2,1,0
BRDA:25,3,0,0
BRDA:25,3,1,0
BRF:7
BRH:0
end_of_record
TN:
SF:src\clamp.js
FN:18,clamp
FNF:1
FNH:0
FNDA:0,clamp
DA:19,0
DA:20,0
DA:21,0
DA:22,0
DA:23,0
DA:24,0
DA:25,0
DA:26,0
DA:28,0
LF:9
LH:0
BRDA:22,0,0,0
BRDA:22,0,1,0
BRDA:23,1,0,0
BRDA:23,1,1,0
BRDA:24,2,0,0
BRDA:24,2,1,0
BRDA:25,3,0,0
BRDA:25,3,1,0
BRDA:26,4,0,0
BRDA:26,4,1,0
BRF:10
BRH:0
end_of_record
TN:
SF:src\compact.js
FN:14,compact
FNF:1
FNH:0
FNDA:0,compact
DA:15,0
DA:16,0
DA:18,0
DA:19,0
DA:20,0
DA:23,0
LF:6
LH:0
BRDA:19,0,0,0
BRDA:19,0,1,0
BRF:2
BRH:0
end_of_record
TN:
SF:src\countBy.js
FN:29,countBy
FN:30,(anonymous_1)
FNF:2
FNH:0
FNDA:0,countBy
FNDA:0,(anonymous_1)
DA:5,0
DA:30,0
DA:31,0
DA:32,0
DA:33,0
DA:35,0
DA:37,0
LF:7
LH:0
BRDA:32,0,0,0
BRDA:32,0,1,0
BRF:2
BRH:0
end_of_record
TN:
SF:src\defaultTo.js
FN:19,defaultTo
FNF:1
FNH:1
FNDA:2,defaultTo
DA:20,2
LF:1
LH:1
BRDA:20,0,0,0
BRDA:20,0,1,2
BRF:2
BRH:1
end_of_record
TN:
SF:src\defaultToAny.js
FN:28,defaultToAny
FNF:1
FNH:0
FNDA:0,defaultToAny
DA:29,0
LF:1
LH:0
BRF:0
BRH:0
end_of_record
TN:
SF:src\difference.js
FN:24,difference
FNF:1
FNH:0
FNDA:0,difference
DA:25,0
LF:1
LH:0
BRDA:25,0,0,0
BRDA:25,0,1,0
BRF:2
BRH:0
end_of_record
TN:
SF:src\divide.js
FN:16,(anonymous_0)
FNF:1
FNH:0
FNDA:0,(anonymous_0)
DA:16,0
LF:1
LH:0
BRF:0
BRH:0
end_of_record
TN:
SF:src\drop.js
FN:26,drop
FNF:1
FNH:0
FNDA:0,drop
DA:27,0
DA:28,0
LF:2
LH:0
BRDA:26,0,0,0
BRDA:27,1,0,0
BRDA:27,1,1,0
BRDA:28,2,0,0
BRDA:28,2,1,0
BRDA:29,3,0,0
BRDA:29,3,1,0
BRF:7
BRH:0
end_of_record
TN:
SF:src\endsWith.js
FN:23,endsWith
FNF:1
FNH:1
FNDA:4,endsWith
DA:24,4
DA:25,4
DA:26,4
DA:27,1
DA:29,3
DA:30,1
DA:32,4
DA:33,4
DA:34,4
LF:9
LH:9
BRDA:25,0,0,1
BRDA:25,0,1,3
BRDA:26,1,0,1
BRDA:26,1,1,3
BRDA:26,2,0,4
BRDA:26,2,1,3
BRDA:29,3,0,1
BRDA:29,3,1,2
BRDA:34,4,0,4
BRDA:34,4,1,3
BRF:10
BRH:10
end_of_record
TN:
SF:src\eq.js
FN:31,eq
FNF:1
FNH:0
FNDA:0,eq
DA:32,0
LF:1
LH:0
BRDA:32,0,0,0
BRDA:32,0,1,0
BRDA:32,0,2,0
BRF:3
BRH:0
end_of_record
TN:
SF:src\every.js
FN:22,every
FNF:1
FNH:1
FNDA:3,every
DA:23,3
DA:24,3
DA:26,3
DA:27,7
DA:28,1
DA:31,2
LF:6
LH:6
BRDA:24,0,0,0
BRDA:24,0,1,3
BRDA:27,1,0,1
BRDA:27,1,1,6
BRF:4
BRH:3
end_of_record
TN:
SF:src\filter.js
FN:24,filter
FNF:1
FNH:1
FNDA:2,filter
DA:25,2
DA:26,2
DA:27,2
DA:28,2
DA:30,2
DA:31,4
DA:32,4
DA:33,2
DA:36,2
LF:9
LH:9
BRDA:27,0,0,0
BRDA:27,0,1,2
BRDA:32,1,0,2
BRDA:32,1,1,2
BRF:4
BRH:3
end_of_record
TN:
SF:src\get.js
FN:27,get
FNF:1
FNH:0
FNDA:0,get
DA:28,0
DA:29,0
LF:2
LH:0
BRDA:28,0,0,0
BRDA:28,0,1,0
BRDA:29,1,0,0
BRDA:29,1,1,0
BRF:4
BRH:0
end_of_record
TN:
SF:src\isArguments.js
FN:19,isArguments
FNF:1
FNH:0
FNDA:0,isArguments
DA:1,1
DA:2,1
DA:20,0
LF:3
LH:2
BRDA:20,0,0,0
BRDA:20,0,1,0
BRF:2
BRH:0
end_of_record
TN:
SF:src\isArrayLike.js
FN:26,isArrayLike
FNF:1
FNH:1
FNDA:5,isArrayLike
DA:1,1
DA:27,5
LF:2
LH:2
BRDA:27,0,0,5
BRDA:27,0,1,5
BRDA:27,0,2,5
BRF:3
BRH:3
end_of_record
TN:
SF:src\isArrayLikeObject.js
FN:27,isArrayLikeObject
FNF:1
FNH:0
FNDA:0,isArrayLikeObject
DA:28,0
LF:1
LH:0
BRDA:28,0,0,0
BRDA:28,0,1,0
BRF:2
BRH:0
end_of_record
TN:
SF:src\isBoolean.js
FN:19,isBoolean
FNF:1
FNH:0
FNDA:0,isBoolean
DA:20,0
LF:1
LH:0
BRDA:20,0,0,0
BRDA:20,0,1,0
BRDA:20,0,2,0
BRDA:20,0,3,0
BRF:4
BRH:0
end_of_record
TN:
SF:src\isBuffer.js
FN:33,(anonymous_3)
FNF:1
FNH:0
FNDA:0,(anonymous_3)
DA:1,1
DA:4,1
DA:7,1
DA:10,1
DA:13,1
DA:16,1
DA:33,1
LF:7
LH:7
BRDA:4,0,0,1
BRDA:4,0,1,1
BRDA:4,0,2,1
BRDA:4,0,3,1
BRDA:4,1,0,0
BRDA:4,1,1,1
BRDA:7,2,0,1
BRDA:7,2,1,1
BRDA:7,2,2,1
BRDA:7,2,3,1
BRDA:7,2,4,1
BRDA:7,3,0,0
BRDA:7,3,1,1
BRDA:10,4,0,1
BRDA:10,4,1,1
BRDA:13,5,0,1
BRDA:13,5,1,0
BRDA:16,6,0,1
BRDA:16,6,1,0
BRDA:33,7,0,1
BRDA:33,7,1,0
BRF:21
BRH:16
end_of_record
TN:
SF:src\isDate.js
FN:24,(anonymous_1)
FN:25,(anonymous_2)
FNF:2
FNH:1
FNDA:2,(anonymous_1)
FNDA:0,(anonymous_2)
DA:1,1
DA:2,1
DA:3,1
DA:6,1
DA:23,1
DA:24,2
DA:25,0
LF:7
LH:6
BRDA:6,0,0,1
BRDA:6,0,1,1
BRDA:23,1,0,1
BRDA:23,1,1,0
BRDA:25,2,0,0
BRDA:25,2,1,0
BRF:6
BRH:3
end_of_record
TN:
SF:src\isEmpty.js
FN:45,isEmpty
FNF:1
FNH:1
FNDA:6,isEmpty
DA:1,1
DA:2,1
DA:3,1
DA:4,1
DA:5,1
DA:6,1
DA:9,1
DA:46,6
DA:47,1
DA:49,5
DA:52,4
DA:54,1
DA:55,1
DA:56,0
DA:58,1
DA:59,0
DA:61,1
DA:62,0
DA:63,0
DA:66,1
LF:20
LH:16
BRDA:46,0,0,1
BRDA:46,0,1,5
BRDA:49,1,0,4
BRDA:49,1,1,1
BRDA:49,2,0,5
BRDA:49,2,1,4
BRDA:49,2,2,2
BRDA:49,2,3,0
BRDA:49,2,4,0
BRDA:49,2,5,0
BRDA:49,2,6,0
BRDA:55,3,0,0
BRDA:55,3,1,1
BRDA:55,4,0,1
BRDA:55,4,1,1
BRDA:58,5,0,0
BRDA:58,5,1,1
BRDA:62,6,0,0
BRDA:62,6,1,0
BRF:19
BRH:11
end_of_record
TN:
SF:src\isLength.js
FN:28,isLength
FNF:1
FNH:1
FNDA:9,isLength
DA:2,1
DA:29,9
LF:2
LH:2
BRDA:29,0,0,9
BRDA:29,0,1,7
BRDA:29,0,2,7
BRDA:29,0,3,5
BRF:4
BRH:4
end_of_record
TN:
SF:src\isObject.js
FN:24,isObject
FNF:1
FNH:1
FNDA:6,isObject
DA:25,6
DA:26,6
LF:2
LH:2
BRDA:25,0,0,0
BRDA:25,0,1,6
BRDA:26,1,0,6
BRDA:26,1,1,5
BRDA:26,1,2,3
BRF:5
BRH:4
end_of_record
TN:
SF:src\isObjectLike.js
FN:23,isObjectLike
FNF:1
FNH:0
FNDA:0,isObjectLike
DA:24,0
LF:1
LH:0
BRDA:24,0,0,0
BRDA:24,0,1,0
BRDA:24,1,0,0
BRDA:24,1,1,0
BRF:4
BRH:0
end_of_record
TN:
SF:src\isSymbol.js
FN:18,isSymbol
FNF:1
FNH:1
FNDA:2,isSymbol
DA:1,1
DA:19,2
DA:20,2
LF:3
LH:3
BRDA:19,0,0,0
BRDA:19,0,1,2
BRDA:20,1,0,2
BRDA:20,1,1,1
BRDA:20,1,2,0
BRDA:20,1,3,0
BRF:6
BRH:3
end_of_record
TN:
SF:src\isTypedArray.js
FN:27,(anonymous_1)
FN:28,(anonymous_2)
FNF:2
FNH:0
FNDA:0,(anonymous_1)
FNDA:0,(anonymous_2)
DA:1,1
DA:2,1
DA:3,1
DA:6,1
DA:9,1
DA:26,1
DA:27,0
DA:28,0
LF:8
LH:6
BRDA:9,0,0,1
BRDA:9,0,1,1
BRDA:26,1,0,1
BRDA:26,1,1,0
BRDA:28,2,0,0
BRDA:28,2,1,0
BRF:6
BRH:3
end_of_record
TN:
SF:src\keys.js
FN:31,keys
FNF:1
FNH:0
FNDA:0,keys
DA:32,0
LF:1
LH:0
BRDA:32,0,0,0
BRDA:32,0,1,0
BRF:2
BRH:0
end_of_record
TN:
SF:src\map.js
FN:19,map
FNF:1
FNH:0
FNDA:0,map
DA:20,0
DA:21,0
DA:22,0
DA:24,0
DA:25,0
DA:27,0
LF:6
LH:0
BRDA:21,0,0,0
BRDA:21,0,1,0
BRF:2
BRH:0
end_of_record
TN:
SF:src\memoize.js
FN:43,memoize
FN:47,(anonymous_1)
FNF:2
FNH:0
FNDA:0,memoize
FNDA:0,(anonymous_1)
DA:44,0
DA:45,0
DA:47,0
DA:48,0
DA:49,0
DA:51,0
DA:52,0
DA:54,0
DA:55,0
DA:56,0
DA:58,0
DA:59,0
DA:62,0
LF:13
LH:0
BRDA:44,0,0,0
BRDA:44,0,1,0
BRDA:44,1,0,0
BRDA:44,1,1,0
BRDA:44,1,2,0
BRDA:48,2,0,0
BRDA:48,2,1,0
BRDA:51,3,0,0
BRDA:51,3,1,0
BRDA:55,4,0,0
BRDA:55,4,1,0
BRDA:58,5,0,0
BRDA:58,5,1,0
BRF:13
BRH:0
end_of_record
TN:
SF:src\reduce.js
FN:38,reduce
FNF:1
FNH:0
FNDA:0,reduce
DA:39,0
DA:40,0
DA:41,0
LF:3
LH:0
BRDA:39,0,0,0
BRDA:39,0,1,0
BRF:2
BRH:0
end_of_record
TN:
SF:src\slice.js
FN:21,slice
FNF:1
FNH:0
FNDA:0,slice
DA:22,0
DA:23,0
DA:24,0
DA:26,0
DA:27,0
DA:29,0
DA:30,0
DA:32,0
DA:33,0
DA:35,0
DA:36,0
DA:38,0
DA:39,0
DA:40,0
DA:41,0
DA:43,0
LF:16
LH:0
BRDA:22,0,0,0
BRDA:22,0,1,0
BRDA:23,1,0,0
BRDA:23,1,1,0
BRDA:26,2,0,0
BRDA:26,2,1,0
BRDA:27,3,0,0
BRDA:27,3,1,0
BRDA:29,4,0,0
BRDA:29,4,1,0
BRDA:30,5,0,0
BRDA:30,5,1,0
BRDA:32,6,0,0
BRDA:32,6,1,0
BRDA:35,7,0,0
BRDA:35,7,1,0
BRF:16
BRH:0
end_of_record
TN:
SF:src\toFinite.js
FN:28,toFinite
FNF:1
FNH:0
FNDA:0,toFinite
DA:4,0
DA:5,0
DA:29,0
DA:30,0
DA:32,0
DA:33,0
DA:34,0
DA:35,0
DA:37,0
LF:9
LH:0
BRDA:29,0,0,0
BRDA:29,0,1,0
BRDA:30,1,0,0
BRDA:30,1,1,0
BRDA:33,2,0,0
BRDA:33,2,1,0
BRDA:33,3,0,0
BRDA:33,3,1,0
BRDA:34,4,0,0
BRDA:34,4,1,0
BRDA:37,5,0,0
BRDA:37,5,1,0
BRF:12
BRH:0
end_of_record
TN:
SF:src\toInteger.js
FN:28,toInteger
FNF:1
FNH:0
FNDA:0,toInteger
DA:29,0
DA:30,0
DA:32,0
LF:3
LH:0
BRDA:32,0,0,0
BRDA:32,0,1,0
BRF:2
BRH:0
end_of_record
TN:
SF:src\toNumber.js
FN:44,toNumber
FNF:1
FNH:0
FNDA:0,toNumber
DA:5,0
DA:8,0
DA:11,0
DA:14,0
DA:17,0
DA:20,0
DA:45,0
DA:46,0
DA:48,0
DA:49,0
DA:51,0
DA:52,0
DA:53,0
DA:55,0
DA:56,0
DA:58,0
DA:59,0
DA:60,0
LF:18
LH:0
BRDA:45,0,0,0
BRDA:45,0,1,0
BRDA:48,1,0,0
BRDA:48,1,1,0
BRDA:51,2,0,0
BRDA:51,2,1,0
BRDA:52,3,0,0
BRDA:52,3,1,0
BRDA:53,4,0,0
BRDA:53,4,1,0
BRDA:55,5,0,0
BRDA:55,5,1,0
BRDA:56,6,0,0
BRDA:56,6,1,0
BRDA:60,7,0,0
BRDA:60,7,1,0
BRDA:60,8,0,0
BRDA:60,8,1,0
BRDA:61,9,0,0
BRDA:61,9,1,0
BRDA:62,10,0,0
BRDA:62,10,1,0
BRF:22
BRH:0
end_of_record
TN:
SF:src\toString.js
FN:25,toString
FN:33,(anonymous_1)
FNF:2
FNH:0
FNDA:0,toString
FNDA:0,(anonymous_1)
DA:4,0
DA:28,0
DA:29,0
DA:31,0
DA:33,0
DA:35,0
DA:36,0
DA:38,0
DA:39,0
LF:9
LH:0
BRDA:28,0,0,0
BRDA:28,0,1,0
BRDA:31,1,0,0
BRDA:31,1,1,0
BRDA:33,2,0,0
BRDA:33,2,1,0
BRDA:35,3,0,0
BRDA:35,3,1,0
BRDA:39,4,0,0
BRDA:39,4,1,0
BRDA:39,5,0,0
BRDA:39,5,1,0
BRF:12
BRH:0
end_of_record
TN:
SF:src\upperFirst.js
FNF:0
FNH:0
DA:19,0
LF:1
LH:0
BRF:0
BRH:0
end_of_record
TN:
SF:src\words.js
FN:10,asciiWords
FN:30,words
FNF:2
FNH:0
FNDA:0,asciiWords
FNDA:0,words
DA:3,0
DA:8,0
DA:11,0
DA:31,0
DA:32,0
DA:33,0
DA:35,0
LF:7
LH:0
BRDA:31,0,0,0
BRDA:31,0,1,0
BRDA:32,1,0,0
BRDA:32,1,1,0
BRDA:33,2,0,0
BRDA:33,2,1,0
BRDA:35,3,0,0
BRDA:35,3,1,0
BRF:8
BRH:0
end_of_record
TN:
SF:test\src\add.test.js
FN:4,(anonymous_1)
FNF:1
FNH:1
FNDA:1,(anonymous_1)
DA:1,1
DA:2,1
DA:4,1
DA:5,1
DA:6,10
DA:7,10
DA:8,10
DA:9,10
LF:8
LH:8
BRF:0
BRH:0
end_of_record
TN:
SF:test\src\defaultTo.test.js
FN:4,(anonymous_1)
FN:5,(anonymous_2)
FN:9,(anonymous_3)
FNF:3
FNH:3
FNDA:1,(anonymous_1)
FNDA:1,(anonymous_2)
FNDA:1,(anonymous_3)
DA:1,1
DA:2,1
DA:4,1
DA:5,1
DA:6,1
DA:7,1
DA:9,1
DA:10,1
DA:11,1
LF:9
LH:9
BRF:0
BRH:0
end_of_record
TN:
SF:test\src\endsWith.test.js
FN:4,(anonymous_1)
FN:5,(anonymous_2)
FN:9,(anonymous_3)
FN:13,(anonymous_4)
FN:17,(anonymous_5)
FNF:5
FNH:5
FNDA:1,(anonymous_1)
FNDA:1,(anonymous_2)
FNDA:1,(anonymous_3)
FNDA:1,(anonymous_4)
FNDA:1,(anonymous_5)
DA:1,1
DA:2,1
DA:4,1
DA:5,1
DA:6,1
DA:7,1
DA:9,1
DA:10,1
DA:11,1
DA:13,1
DA:14,1
DA:15,1
DA:17,1
DA:18,1
DA:19,1
LF:15
LH:15
BRF:0
BRH:0
end_of_record
TN:
SF:test\src\every.test.js
FN:5,(anonymous_1)
FN:6,(anonymous_2)
FN:10,(anonymous_3)
FN:14,(anonymous_4)
FNF:4
FNH:4
FNDA:1,(anonymous_1)
FNDA:1,(anonymous_2)
FNDA:1,(anonymous_3)
FNDA:1,(anonymous_4)
DA:1,1
DA:2,1
DA:3,1
DA:5,1
DA:6,1
DA:7,1
DA:8,1
DA:10,1
DA:11,1
DA:12,1
DA:14,1
DA:15,1
DA:16,1
LF:13
LH:13
BRF:0
BRH:0
end_of_record
TN:
SF:test\src\filter.test.js
FN:9,(anonymous_1)
FN:10,(anonymous_2)
FN:11,(anonymous_3)
FN:14,(anonymous_4)
FN:15,(anonymous_5)
FNF:5
FNH:5
FNDA:1,(anonymous_1)
FNDA:1,(anonymous_2)
FNDA:2,(anonymous_3)
FNDA:1,(anonymous_4)
FNDA:2,(anonymous_5)
DA:1,1
DA:2,1
DA:4,1
DA:9,1
DA:10,1
DA:11,2
DA:12,1
DA:14,1
DA:15,2
DA:16,1
LF:10
LH:10
BRF:0
BRH:0
end_of_record
TN:
SF:test\src\isDate.test.js
FN:4,(anonymous_1)
FN:5,(anonymous_2)
FN:11,(anonymous_3)
FNF:3
FNH:3
FNDA:1,(anonymous_1)
FNDA:1,(anonymous_2)
FNDA:2,(anonymous_3)
DA:1,1
DA:2,1
DA:4,1
DA:5,1
DA:6,1
DA:11,1
DA:12,2
LF:7
LH:7
BRF:0
BRH:0
end_of_record
TN:
SF:test\src\isEmpty.test.js
FN:4,(anonymous_1)
FN:5,(anonymous_2)
FN:15,(anonymous_3)
FNF:3
FNH:3
FNDA:1,(anonymous_1)
FNDA:1,(anonymous_2)
FNDA:6,(anonymous_3)
DA:1,1
DA:2,1
DA:4,1
DA:5,1
DA:6,1
DA:15,1
DA:16,6
LF:7
LH:7
BRF:0
BRH:0
end_of_record
TN:
SF:test\src\isLength.test.js
FN:5,(anonymous_1)
FN:6,(anonymous_2)
FN:10,(anonymous_3)
FN:14,(anonymous_4)
FN:18,(anonymous_5)
FNF:5
FNH:5
FNDA:1,(anonymous_1)
FNDA:1,(anonymous_2)
FNDA:1,(anonymous_3)
FNDA:1,(anonymous_4)
FNDA:1,(anonymous_5)
DA:1,1
DA:2,1
DA:3,1
DA:5,1
DA:6,1
DA:7,1
DA:8,1
DA:10,1
DA:11,1
DA:12,1
DA:14,1
DA:15,1
DA:16,1
DA:18,1
DA:19,1
DA:20,1
LF:16
LH:16
BRF:0
BRH:0
end_of_record
TN:
SF:test\src\isObject.test.js
FN:4,(anonymous_1)
FN:5,(anonymous_2)
FN:15,(anonymous_3)
FNF:3
FNH:3
FNDA:1,(anonymous_1)
FNDA:1,(anonymous_2)
FNDA:6,(anonymous_3)
DA:1,1
DA:2,1
DA:4,1
DA:5,1
DA:6,1
DA:15,1
DA:16,6
LF:7
LH:7
BRF:0
BRH:0
end_of_record
TN:
SF:test\src\isSymbol.test.js
FN:5,(anonymous_1)
FN:6,(anonymous_2)
FN:10,(anonymous_3)
FNF:3
FNH:3
FNDA:1,(anonymous_1)
FNDA:1,(anonymous_2)
FNDA:1,(anonymous_3)
DA:1,1
DA:2,1
DA:3,1
DA:5,1
DA:6,1
DA:7,1
DA:8,1
DA:10,1
DA:11,1
DA:12,1
LF:10
LH:10
BRF:0
BRH:0
end_of_record
